ARM GAS  C:\DOCUME~1\CHRIST~1.LAD\LOCALS~1\Temp/cce2aaaa.s 			page 1


   1              		.cpu arm7tdmi
   2              		.fpu softvfp
   3              		.eabi_attribute 20, 1
   4              		.eabi_attribute 21, 1
   5              		.eabi_attribute 23, 3
   6              		.eabi_attribute 24, 1
   7              		.eabi_attribute 25, 1
   8              		.eabi_attribute 26, 1
   9              		.eabi_attribute 30, 1
  10              		.eabi_attribute 18, 4
  11              		.file	"Blinky.c"
  12              		.section	.debug_abbrev,"",%progbits
  13              	.Ldebug_abbrev0:
  14              		.section	.debug_info,"",%progbits
  15              	.Ldebug_info0:
  16              		.section	.debug_line,"",%progbits
  17              	.Ldebug_line0:
  18 0000 34000000 		.text
  18      02001F00 
  18      00000201 
  18      FB0E0D00 
  18      01010101 
  19              	.Ltext0:
  20              		.align	2
  21              		.global	main
  22              		.type	main, %function
  23              	main:
  24              	.LFB2:
  25              		.file 1 "Blinky.c"
   1:Blinky.c      **** /******************************************************************************/
   2:Blinky.c      **** /* BLINKY.C: LED Flasher                                                      */
   3:Blinky.c      **** /******************************************************************************/
   4:Blinky.c      **** /* This file is part of the uVision/ARM development tools.                    */
   5:Blinky.c      **** /* Copyright (c) 2005-2006 Keil Software. All rights reserved.                */
   6:Blinky.c      **** /* This software may only be used under the terms of a valid, current,        */
   7:Blinky.c      **** /* end user licence from KEIL for a compatible version of KEIL software       */
   8:Blinky.c      **** /* development tools. Nothing else gives you the right to use this software.  */
   9:Blinky.c      **** /******************************************************************************/
  10:Blinky.c      ****                   
  11:Blinky.c      **** #include <stdio.h>                         /* standard I/O .h-file */
  12:Blinky.c      **** #include <LPC23xx.H>                       /* LPC213x definitions  */
  13:Blinky.c      **** #include <math.h>
  14:Blinky.c      **** #include <stdlib.h>
  15:Blinky.c      **** 
  16:Blinky.c      **** 
  17:Blinky.c      **** int main (void) {
  26              	supports interworking.
  27              		@ args = 0, pretend = 0, frame = 0
  28              		@ frame_needed = 0, uses_anonymous_args = 0
  29              		@ link register save eliminated.
  30              	.L2:
  31              		b	.L2
  32 0000 FEFFFFEA 	.LFE2:
  33              		.size	main, .-main
  34              		.section	.debug_frame,"",%progbits
  35              	.Lframe0:
  36              		.4byte	.LECIE0-.LSCIE0
ARM GAS  C:\DOCUME~1\CHRIST~1.LAD\LOCALS~1\Temp/cce2aaaa.s 			page 2


  37 0000 0C000000 	.LSCIE0:
  38              		.4byte	0xffffffff
  39 0004 FFFFFFFF 		.byte	0x1
  40 0008 01       		.ascii	"\000"
  41 0009 00       		.uleb128 0x1
  42 000a 01       		.sleb128 -4
  43 000b 7C       		.byte	0xe
  44 000c 0E       		.byte	0xc
  45 000d 0C       		.uleb128 0xd
  46 000e 0D       		.uleb128 0x0
  47 000f 00       		.align	2
  48              	.LECIE0:
  49              	.LSFDE0:
  50              		.4byte	.LEFDE0-.LASFDE0
  51 0010 0C000000 	.LASFDE0:
  52              		.4byte	.Lframe0
  53 0014 00000000 		.4byte	.LFB2
  54 0018 00000000 		.4byte	.LFE2-.LFB2
  55 001c 04000000 		.align	2
  56              	.LEFDE0:
  57              		.text
  58              	.Letext0:
  59              		.section	.debug_info
  60              		.4byte	0x9e
  61 0000 9E000000 		.2byte	0x2
  62 0004 0200     		.4byte	.Ldebug_abbrev0
  63 0006 00000000 		.byte	0x4
  64 000a 04       		.uleb128 0x1
  65 000b 01       		.4byte	.LASF13
  66 000c B0000000 		.byte	0x1
  67 0010 01       		.4byte	.LASF14
  68 0011 49000000 		.4byte	.LASF15
  69 0015 BC000000 		.4byte	.Ltext0
  70 0019 00000000 		.4byte	.Letext0
  71 001d 04000000 		.4byte	.Ldebug_line0
  72 0021 00000000 		.uleb128 0x2
  73 0025 02       		.byte	0x4
  74 0026 04       		.byte	0x7
  75 0027 07       		.4byte	.LASF0
  76 0028 0E000000 		.uleb128 0x2
  77 002c 02       		.byte	0x1
  78 002d 01       		.byte	0x6
  79 002e 06       		.4byte	.LASF1
  80 002f 98000000 		.uleb128 0x2
  81 0033 02       		.byte	0x1
  82 0034 01       		.byte	0x8
  83 0035 08       		.4byte	.LASF2
  84 0036 58000000 		.uleb128 0x2
  85 003a 02       		.byte	0x2
  86 003b 02       		.byte	0x5
  87 003c 05       		.4byte	.LASF3
  88 003d 74000000 		.uleb128 0x2
  89 0041 02       		.byte	0x2
  90 0042 02       		.byte	0x7
  91 0043 07       		.4byte	.LASF4
  92 0044 85000000 		.uleb128 0x3
  93 0048 03       		.byte	0x4
ARM GAS  C:\DOCUME~1\CHRIST~1.LAD\LOCALS~1\Temp/cce2aaaa.s 			page 3


  94 0049 04       		.byte	0x5
  95 004a 05       		.ascii	"int\000"
  96 004b 696E7400 		.uleb128 0x2
  97 004f 02       		.byte	0x8
  98 0050 08       		.byte	0x5
  99 0051 05       		.4byte	.LASF5
 100 0052 00000000 		.uleb128 0x2
 101 0056 02       		.byte	0x8
 102 0057 08       		.byte	0x7
 103 0058 07       		.4byte	.LASF6
 104 0059 32000000 		.uleb128 0x2
 105 005d 02       		.byte	0x4
 106 005e 04       		.byte	0x5
 107 005f 05       		.4byte	.LASF7
 108 0060 6B000000 		.uleb128 0x4
 109 0064 04       		.byte	0x4
 110 0065 04       		.byte	0x7
 111 0066 07       		.uleb128 0x2
 112 0067 02       		.byte	0x4
 113 0068 04       		.byte	0x7
 114 0069 07       		.4byte	.LASF8
 115 006a 20000000 		.uleb128 0x2
 116 006e 02       		.byte	0x1
 117 006f 01       		.byte	0x8
 118 0070 08       		.4byte	.LASF9
 119 0071 66000000 		.uleb128 0x2
 120 0075 02       		.byte	0x8
 121 0076 08       		.byte	0x4
 122 0077 04       		.4byte	.LASF10
 123 0078 7E000000 		.uleb128 0x2
 124 007c 02       		.byte	0x4
 125 007d 04       		.byte	0x4
 126 007e 04       		.4byte	.LASF11
 127 007f 52000000 		.uleb128 0x2
 128 0083 02       		.byte	0x8
 129 0084 08       		.byte	0x4
 130 0085 04       		.4byte	.LASF12
 131 0086 A4000000 		.uleb128 0x5
 132 008a 05       		.byte	0x1
 133 008b 01       		.4byte	.LASF16
 134 008c 1B000000 		.byte	0x1
 135 0090 01       		.byte	0x11
 136 0091 11       		.byte	0x1
 137 0092 01       		.4byte	0x48
 138 0093 48000000 		.4byte	.LFB2
 139 0097 00000000 		.4byte	.LFE2
 140 009b 04000000 		.byte	0x1
 141 009f 01       		.byte	0x5d
 142 00a0 5D       		.byte	0x0
 143 00a1 00       		.section	.debug_abbrev
 144              		.uleb128 0x1
 145 0000 01       		.uleb128 0x11
 146 0001 11       		.byte	0x1
 147 0002 01       		.uleb128 0x25
 148 0003 25       		.uleb128 0xe
 149 0004 0E       		.uleb128 0x13
 150 0005 13       		.uleb128 0xb
ARM GAS  C:\DOCUME~1\CHRIST~1.LAD\LOCALS~1\Temp/cce2aaaa.s 			page 4


 151 0006 0B       		.uleb128 0x3
 152 0007 03       		.uleb128 0xe
 153 0008 0E       		.uleb128 0x1b
 154 0009 1B       		.uleb128 0xe
 155 000a 0E       		.uleb128 0x11
 156 000b 11       		.uleb128 0x1
 157 000c 01       		.uleb128 0x12
 158 000d 12       		.uleb128 0x1
 159 000e 01       		.uleb128 0x10
 160 000f 10       		.uleb128 0x6
 161 0010 06       		.byte	0x0
 162 0011 00       		.byte	0x0
 163 0012 00       		.uleb128 0x2
 164 0013 02       		.uleb128 0x24
 165 0014 24       		.byte	0x0
 166 0015 00       		.uleb128 0xb
 167 0016 0B       		.uleb128 0xb
 168 0017 0B       		.uleb128 0x3e
 169 0018 3E       		.uleb128 0xb
 170 0019 0B       		.uleb128 0x3
 171 001a 03       		.uleb128 0xe
 172 001b 0E       		.byte	0x0
 173 001c 00       		.byte	0x0
 174 001d 00       		.uleb128 0x3
 175 001e 03       		.uleb128 0x24
 176 001f 24       		.byte	0x0
 177 0020 00       		.uleb128 0xb
 178 0021 0B       		.uleb128 0xb
 179 0022 0B       		.uleb128 0x3e
 180 0023 3E       		.uleb128 0xb
 181 0024 0B       		.uleb128 0x3
 182 0025 03       		.uleb128 0x8
 183 0026 08       		.byte	0x0
 184 0027 00       		.byte	0x0
 185 0028 00       		.uleb128 0x4
 186 0029 04       		.uleb128 0x24
 187 002a 24       		.byte	0x0
 188 002b 00       		.uleb128 0xb
 189 002c 0B       		.uleb128 0xb
 190 002d 0B       		.uleb128 0x3e
 191 002e 3E       		.uleb128 0xb
 192 002f 0B       		.byte	0x0
 193 0030 00       		.byte	0x0
 194 0031 00       		.uleb128 0x5
 195 0032 05       		.uleb128 0x2e
 196 0033 2E       		.byte	0x0
 197 0034 00       		.uleb128 0x3f
 198 0035 3F       		.uleb128 0xc
 199 0036 0C       		.uleb128 0x3
 200 0037 03       		.uleb128 0xe
 201 0038 0E       		.uleb128 0x3a
 202 0039 3A       		.uleb128 0xb
 203 003a 0B       		.uleb128 0x3b
 204 003b 3B       		.uleb128 0xb
 205 003c 0B       		.uleb128 0x27
 206 003d 27       		.uleb128 0xc
 207 003e 0C       		.uleb128 0x49
ARM GAS  C:\DOCUME~1\CHRIST~1.LAD\LOCALS~1\Temp/cce2aaaa.s 			page 5


 208 003f 49       		.uleb128 0x13
 209 0040 13       		.uleb128 0x11
 210 0041 11       		.uleb128 0x1
 211 0042 01       		.uleb128 0x12
 212 0043 12       		.uleb128 0x1
 213 0044 01       		.uleb128 0x40
 214 0045 40       		.uleb128 0xa
 215 0046 0A       		.byte	0x0
 216 0047 00       		.byte	0x0
 217 0048 00       		.byte	0x0
 218 0049 00       		.section	.debug_pubnames,"",%progbits
 219              		.4byte	0x17
 220 0000 17000000 		.2byte	0x2
 221 0004 0200     		.4byte	.Ldebug_info0
 222 0006 00000000 		.4byte	0xa2
 223 000a A2000000 		.4byte	0x8a
 224 000e 8A000000 		.ascii	"main\000"
 225 0012 6D61696E 		.4byte	0x0
 225      00
 226 0017 00000000 		.section	.debug_aranges,"",%progbits
 227              		.4byte	0x1c
 228 0000 1C000000 		.2byte	0x2
 229 0004 0200     		.4byte	.Ldebug_info0
 230 0006 00000000 		.byte	0x4
 231 000a 04       		.byte	0x0
 232 000b 00       		.2byte	0x0
 233 000c 0000     		.2byte	0x0
 234 000e 0000     		.4byte	.Ltext0
 235 0010 00000000 		.4byte	.Letext0-.Ltext0
 236 0014 04000000 		.4byte	0x0
 237 0018 00000000 		.4byte	0x0
 238 001c 00000000 		.section	.debug_str,"MS",%progbits,1
 239              	.LASF5:
 240              		.ascii	"long long int\000"
 241 0000 6C6F6E67 	.LASF0:
 241      206C6F6E 
 241      6720696E 
 241      7400
 242              		.ascii	"unsigned int\000"
 243 000e 756E7369 	.LASF16:
 243      676E6564 
 243      20696E74 
 243      00
 244              		.ascii	"main\000"
 245 001b 6D61696E 	.LASF8:
 245      00
 246              		.ascii	"long unsigned int\000"
 247 0020 6C6F6E67 	.LASF6:
 247      20756E73 
 247      69676E65 
 247      6420696E 
 247      7400
 248              		.ascii	"long long unsigned int\000"
 249 0032 6C6F6E67 	.LASF14:
 249      206C6F6E 
 249      6720756E 
 249      7369676E 
ARM GAS  C:\DOCUME~1\CHRIST~1.LAD\LOCALS~1\Temp/cce2aaaa.s 			page 6


 249      65642069 
 250              		.ascii	"Blinky.c\000"
 251 0049 426C696E 	.LASF11:
 251      6B792E63 
 251      00
 252              		.ascii	"float\000"
 253 0052 666C6F61 	.LASF2:
 253      7400
 254              		.ascii	"unsigned char\000"
 255 0058 756E7369 	.LASF9:
 255      676E6564 
 255      20636861 
 255      7200
 256              		.ascii	"char\000"
 257 0066 63686172 	.LASF7:
 257      00
 258              		.ascii	"long int\000"
 259 006b 6C6F6E67 	.LASF3:
 259      20696E74 
 259      00
 260              		.ascii	"short int\000"
 261 0074 73686F72 	.LASF10:
 261      7420696E 
 261      7400
 262              		.ascii	"double\000"
 263 007e 646F7562 	.LASF4:
 263      6C6500
 264              		.ascii	"short unsigned int\000"
 265 0085 73686F72 	.LASF1:
 265      7420756E 
 265      7369676E 
 265      65642069 
 265      6E7400
 266              		.ascii	"signed char\000"
 267 0098 7369676E 	.LASF12:
 267      65642063 
 267      68617200 
 268              		.ascii	"long double\000"
 269 00a4 6C6F6E67 	.LASF13:
 269      20646F75 
 269      626C6500 
 270              		.ascii	"GNU C 4.3.2\000"
 271 00b0 474E5520 	.LASF15:
 271      4320342E 
 271      332E3200 
 272              		.ascii	"C:\\Documents and Settings\\christopher.ladden\\My "
 273 00bc 433A5C44 		.ascii	"Documents\\ARM\\GNU_Blinky\000"
 273      6F63756D 
 273      656E7473 
 273      20616E64 
 273      20536574 
 274 00ec 446F6375 		.ident	"GCC: (Sourcery G++ Lite 2008q3-39) 4.3.2"
 274      6D656E74 
 274      735C4152 
 274      4D5C474E 
 274      555F426C 
 275              	...
ARM GAS  C:\DOCUME~1\CHRIST~1.LAD\LOCALS~1\Temp/cce2aaaa.s 			page 7


ARM GAS  C:\DOCUME~1\CHRIST~1.LAD\LOCALS~1\Temp/cce2aaaa.s 			page 8


DEFINED SYMBOLS
                            *ABS*:00000000 Blinky.c
C:\DOCUME~1\CHRIST~1.LAD\LOCALS~1\Temp/cce2aaaa.s:23     .text:00000000 main
C:\DOCUME~1\CHRIST~1.LAD\LOCALS~1\Temp/cce2aaaa.s:32     .text:00000000 $a
C:\DOCUME~1\CHRIST~1.LAD\LOCALS~1\Temp/cce2aaaa.s:37     .debug_frame:00000000 $d
C:\DOCUME~1\CHRIST~1.LAD\LOCALS~1\Temp/cce2aaaa.s:61     .debug_info:00000000 $d

NO UNDEFINED SYMBOLS
