ARM GAS  C:\Users\Chris\AppData\Local\Temp/ccKCbaaa.s 			page 1


   1              		.cpu arm7tdmi
   2              		.fpu softvfp
   3              		.eabi_attribute 20, 1
   4              		.eabi_attribute 21, 1
   5              		.eabi_attribute 23, 3
   6              		.eabi_attribute 24, 1
   7              		.eabi_attribute 25, 1
   8              		.eabi_attribute 26, 1
   9              		.eabi_attribute 30, 4
  10              		.eabi_attribute 18, 4
  11              		.file	"SFBChecksum.cpp"
  12              		.section	.debug_abbrev,"",%progbits
  13              	.Ldebug_abbrev0:
  14              		.section	.debug_info,"",%progbits
  15              	.Ldebug_info0:
  16              		.section	.debug_line,"",%progbits
  17              	.Ldebug_line0:
  18 0000 38010000 		.text
  18      0200A700 
  18      00000201 
  18      FB0E0D00 
  18      01010101 
  19              	.Ltext0:
  20              		.section	.text._Z15SFBChecksumInitPm,"ax",%progbits
  21              		.align	2
  22              		.global	_Z15SFBChecksumInitPm
  23              		.type	_Z15SFBChecksumInitPm, %function
  24              	_Z15SFBChecksumInitPm:
  25              	.LFB2:
  26              		.file 1 "SFBChecksum.cpp"
   1:SFBChecksum.cpp **** /*                                              -*- mode:C -*-
   2:SFBChecksum.cpp ****  *
   3:SFBChecksum.cpp ****  * SFBChecksum.c - Cryptographically INSECURE, but pretty fast
   4:SFBChecksum.cpp ****  *                 and small LFSR-based checksum
   5:SFBChecksum.cpp ****  *
   6:SFBChecksum.cpp ****  * Copyright (C) 2008-2009 David H. Ackley.  All rights reserved.
   7:SFBChecksum.cpp ****  *
   8:SFBChecksum.cpp ****  * This file is free software; you can redistribute it and/or
   9:SFBChecksum.cpp ****  * modify it under the terms of the GNU Lesser General Public
  10:SFBChecksum.cpp ****  * License as published by the Free Software Foundation; either
  11:SFBChecksum.cpp ****  * version 2.1 of the License, or (at your option) any later version.
  12:SFBChecksum.cpp ****  *
  13:SFBChecksum.cpp ****  * This library is distributed in the hope that it will be useful,
  14:SFBChecksum.cpp ****  * but WITHOUT ANY WARRANTY; without even the implied warranty of
  15:SFBChecksum.cpp ****  * MERCHANTABILITY or FITNESS FOR A PARTICULAR PURPOSE.  See the GNU
  16:SFBChecksum.cpp ****  * Lesser General Public License for more details.
  17:SFBChecksum.cpp ****  *
  18:SFBChecksum.cpp ****  * You should have received a copy of the GNU General Public License
  19:SFBChecksum.cpp ****  * along with this library; if not, write to the Free Software
  20:SFBChecksum.cpp ****  * Foundation, Inc., 51 Franklin St, Fifth Floor, Boston, MA 02110-1301
  21:SFBChecksum.cpp ****  * USA
  22:SFBChecksum.cpp ****  */
  23:SFBChecksum.cpp **** 
  24:SFBChecksum.cpp **** /* TO TEST THIS CODE:
  25:SFBChecksum.cpp ****  * - If in the SFB tree, e.g.:
  26:SFBChecksum.cpp ****  *   gcc -DTEST_CHECKSUM -I../../include SFBChecksum.c;./a.out
  27:SFBChecksum.cpp ****  *
ARM GAS  C:\Users\Chris\AppData\Local\Temp/ccKCbaaa.s 			page 2


  28:SFBChecksum.cpp ****  * - If standalone: Put SFBChecksum.cpp and SFBChecksum.h in same dir, then:
  29:SFBChecksum.cpp ****  *   gcc -DTEST_CHECKSUM SFBChecksum.c;./a.out
  30:SFBChecksum.cpp ****  *
  31:SFBChecksum.cpp ****  * Either way, result should be 'All tests passed' with zero exit status.
  32:SFBChecksum.cpp ****  */
  33:SFBChecksum.cpp **** 
  34:SFBChecksum.cpp **** #include "SFBChecksum.h"
  35:SFBChecksum.cpp **** 
  36:SFBChecksum.cpp **** void SFBChecksumInit(SFBChecksum cs) {
  27              	upports interworking.
  28              		@ args = 0, pretend = 0, frame = 0
  29              		@ frame_needed = 0, uses_anonymous_args = 0
  30              		@ link register save eliminated.
  31              	.LVL0:
  32              		.loc 1 38 0
  37:SFBChecksum.cpp **** oboo - Make an unused checksum noticeable.. */
  38:SFBChecksum.cpp ****   cs[1] = 0x0DBA62A9;        /* plus one from /dev/urandom, now forever enshrined */
  33              	3, .L3
  34 0000 0C309FE5 		str	r3, [r0, #4]
  35 0004 043080E5 		.loc 1 37 0
  36              		ldr	r3, .L3+4
  37 0008 08309FE5 		str	r3, [r0, #0]
  38 000c 003080E5 		.loc 1 39 0
  39:SFBChecksum.cpp **** 
  39              	
  40 0010 1EFF2FE1 	.L4:
  41              		.align	2
  42              	.L3:
  43              		.word	230318761
  44 0014 A962BA0D 		.word	1605372672
  45 0018 000BB05F 	.LFE2:
  46              		.size	_Z15SFBChecksumInitPm, .-_Z15SFBChecksumInitPm
  47              		.section	.text._Z18SFBChecksumAddBytePmc,"ax",%progbits
  48              		.align	2
  49              		.global	_Z18SFBChecksumAddBytePmc
  50              		.type	_Z18SFBChecksumAddBytePmc, %function
  51              	_Z18SFBChecksumAddBytePmc:
  52              	.LFB3:
  53              		.loc 1 41 0
  40:SFBChecksum.cpp **** void SFBChecksumAddByte(SFBChecksum cs, char data) {
  41:SFBChecksum.cpp ****   int shift_in;
  54              	pports interworking.
  55              		@ args = 0, pretend = 0, frame = 0
  56              		@ frame_needed = 0, uses_anonymous_args = 0
  57              		@ link register save eliminated.
  58              	.LVL1:
  59              	.LBB2:
  60              		.loc 1 46 0
  42:SFBChecksum.cpp ****  cs[1] ^= data;                  /* Inject data at bottom */
  43:SFBChecksum.cpp ****  
  44:SFBChecksum.cpp ****   shift_in = ((~cs[0]>>30)^(cs[0]>>29))&1;  /* == bit 63 xnor bit 62 */
  45:SFBChecksum.cpp **** 
  46:SFBChecksum.cpp ****   cs[0] = (cs[0]<<1)|(cs[1]>>31); /* Top of low into bottom of high */
  61              	r0, {r2, r3}	@ phole ldm
  62 0000 0C0090E8 		.loc 1 49 0
  47:SFBChecksum.cpp **** 1] = (cs[1]<<1)|shift_in;    /* And bring around the carry */
  48:SFBChecksum.cpp **** }
ARM GAS  C:\Users\Chris\AppData\Local\Temp/ccKCbaaa.s 			page 3


  49:SFBChecksum.cpp **** 
  63              	vn	ip, r2
  64 0004 02C0E0E1 		.loc 1 44 0
  65              		eor	r1, r1, r3
  66 0008 031021E0 	.LVL2:
  67              		.loc 1 49 0
  68              		mov	r3, r2, lsr #29
  69 000c A23EA0E1 		eor	r3, r3, ip, lsr #30
  70 0010 2C3F23E0 		and	r3, r3, #1
  71 0014 013003E2 		.loc 1 48 0
  72              		mov	r2, r2, asl #1
  73 0018 8220A0E1 		orr	r2, r2, r1, lsr #31
  74 001c A12F82E1 		.loc 1 49 0
  75              		orr	r3, r3, r1, asl #1
  76 0020 813083E1 		stmia	r0, {r2, r3}	@ phole stm
  77 0024 0C0080E8 	.LBE2:
  78              		.loc 1 50 0
  50:SFBChecksum.cpp **** d SFBChecksumAddBytes(SFBChecksum cs, const char * data, int length) {
  79              	size	_Z18SFBChecksumAddBytePmc, .-_Z18SFBChecksumAddBytePmc
  80 0028 1EFF2FE1 		.section	.text._Z19SFBChecksumAddBytesPmPKci,"ax",%progbits
  81              		.align	2
  82              		.global	_Z19SFBChecksumAddBytesPmPKci
  83              		.type	_Z19SFBChecksumAddBytesPmPKci, %function
  84              	_Z19SFBChecksumAddBytesPmPKci:
  85              	.LFB4:
  86              		.loc 1 52 0
  87              		@ Function supports interworking.
  88              		@ args = 0, pretend = 0, frame = 0
  51:SFBChecksum.cpp ****  int i;
  52:SFBChecksum.cpp ****   for (i = 0; i < length; ++i)
  89              	eeded = 0, uses_anonymous_args = 0
  90              	.LVL3:
  91              		stmfd	sp!, {r4, r5, r6, r7, r8, lr}
  92              	.LCFI0:
  93              		.loc 1 52 0
  94 0000 F0412DE9 		mov	r7, r0
  95              		mov	r6, r1
  96              		mov	r5, r2
  97 0004 0070A0E1 		mov	r4, #0
  98 0008 0160A0E1 	.LVL4:
  99 000c 0250A0E1 		b	.L8
 100 0010 0040A0E3 	.LVL5:
 101              	.L9:
 102 0014 020000EA 	.LBB3:
 103              		.loc 1 55 0
 104              		ldrb	r1, [r6, r4]	@ zero_extendqisi2
 105              		bl	_Z18SFBChecksumAddBytePmc
  53:SFBChecksum.cpp ****   SFBChecksumAddByte(cs,*data++);
  54:SFBChecksum.cpp **** }
  55:SFBChecksum.cpp **** 
 106              		r4, r4, #1
 107 0018 0410D6E7 	.LVL6:
 108 001c FEFFFFEB 	.L8:
 109              		cmp	r4, r5
 110 0020 014084E2 		.loc 1 55 0
 111              		mov	r0, r7
 112              		.loc 1 54 0
ARM GAS  C:\Users\Chris\AppData\Local\Temp/ccKCbaaa.s 			page 4


 113 0024 050054E1 		blt	.L9
 114              	.LBE3:
 115 0028 0700A0E1 		.loc 1 56 0
 116              		ldmfd	sp!, {r4, r5, r6, r7, r8, lr}
 117 002c F9FFFFBA 		bx	lr
 118              	.LFE4:
  56:SFBChecksum.cpp ****  SFBChecksumEqual(const SFBChecksum cs1,const SFBChecksum cs2) {
 119              	BChecksumAddBytesPmPKci, .-_Z19SFBChecksumAddBytesPmPKci
 120 0030 F041BDE8 		.section	.text._Z16SFBChecksumEqualPKmS0_,"ax",%progbits
 121 0034 1EFF2FE1 		.align	2
 122              		.global	_Z16SFBChecksumEqualPKmS0_
 123              		.type	_Z16SFBChecksumEqualPKmS0_, %function
 124              	_Z16SFBChecksumEqualPKmS0_:
 125              	.LFB5:
 126              		.loc 1 58 0
 127              		@ Function supports interworking.
 128              		@ args = 0, pretend = 0, frame = 0
 129              		@ frame_needed = 0, uses_anonymous_args = 0
  57:SFBChecksum.cpp ****  return cs1[0] == cs2[0] && cs1[1] == cs2[1];
  58:SFBChecksum.cpp **** }
 130              	ister save eliminated.
 131              	.LVL7:
 132              		.loc 1 59 0
 133              		ldr	r2, [r0, #0]
 134              		ldr	r3, [r1, #0]
 135              		cmp	r2, r3
  59:SFBChecksum.cpp **** tatic char buf[2*8+1];    /* Max usage is 2 words of 8 hex chars plus null byte */
 136              		r0, #0
 137 0000 002090E5 	.LVL8:
 138 0004 003091E5 		bxne	lr
 139 0008 030052E1 		ldr	r2, [r0, #4]
 140 000c 0000A013 	.LVL9:
 141              		ldr	r3, [r1, #4]
 142 0010 1EFF2F11 		cmp	r2, r3
 143 0014 042090E5 		movne	r0, #0
 144              		moveq	r0, #1
 145 0018 043091E5 	.LVL10:
 146 001c 030052E1 		.loc 1 60 0
 147 0020 0000A013 		bx	lr
 148 0024 0100A003 	.LFE5:
 149              		.size	_Z16SFBChecksumEqualPKmS0_, .-_Z16SFBChecksumEqualPKmS0_
  60:SFBChecksum.cpp **** const char * SFBChecksumToString(SFBChecksum cs) {
 150              	t._Z19SFBChecksumToStringPm,"ax",%progbits
 151 0028 1EFF2FE1 		.align	2
 152              		.global	_Z19SFBChecksumToStringPm
 153              		.type	_Z19SFBChecksumToStringPm, %function
 154              	_Z19SFBChecksumToStringPm:
 155              	.LFB6:
 156              		.loc 1 64 0
 157              		@ Function supports interworking.
 158              		@ args = 0, pretend = 0, frame = 0
 159              		@ frame_needed = 0, uses_anonymous_args = 0
  61:SFBChecksum.cpp ****  int out = 0;
  62:SFBChecksum.cpp ****   int i;
  63:SFBChecksum.cpp ****   for (i = 0; i < 2; ++i) {
  64:SFBChecksum.cpp ****     int j;
 160              	gister save eliminated.
ARM GAS  C:\Users\Chris\AppData\Local\Temp/ccKCbaaa.s 			page 5


 161              	.LVL11:
 162              		str	r4, [sp, #-4]!
 163              	.LCFI1:
 164              		.loc 1 64 0
 165              		mov	ip, #0
 166 0000 04402DE5 		mov	r4, r0
 167              		b	.L16
 168              	.LVL12:
 169 0004 00C0A0E3 	.L17:
 170 0008 0040A0E1 	.LBB4:
 171 000c 0B0000EA 	.LBB5:
 172              		.loc 1 70 0
 173              		ldr	r3, [r4, ip]
 174              		mov	r3, r3, lsr r1
 175              		ldr	r2, .L20
  65:SFBChecksum.cpp **** for (j = 28; j >= 0;  j -= 4) {
  66:SFBChecksum.cpp ****       buf[out++] = "0123456789abcdef"[(cs[i]>>j)&0xf];
  67:SFBChecksum.cpp ****     }
  68:SFBChecksum.cpp ****   }
  69:SFBChecksum.cpp ****   buf[out++] = 0;
  70:SFBChecksum.cpp ****   return buf;
 176              	
 177 0010 0C3094E7 		ldrb	r3, [r2, r3]	@ zero_extendqisi2
 178 0014 3331A0E1 		.loc 1 69 0
 179 0018 44209FE5 		sub	r1, r1, #4
 180 001c 0F3003E2 		cmn	r1, #4
 181 0020 0330D2E7 		.loc 1 70 0
 182              		strb	r3, [r0], #1
 183 0024 041041E2 		.loc 1 69 0
 184 0028 040071E3 		bne	.L17
 185              		add	ip, ip, #4
 186 002c 0130C0E4 	.LBE5:
 187              		.loc 1 67 0
 188 0030 F6FFFF1A 		cmp	ip, #8
 189 0034 04C08CE2 		beq	.L18
 190              	.LVL13:
 191              	.L16:
 192 0038 08005CE3 		ldr	r3, .L20+4
 193 003c 0300000A 		mov	r1, #28
 194              		add	r0, r3, ip, asl #1
 195              		b	.L17
 196 0040 20309FE5 	.L18:
 197 0044 1C10A0E3 		.loc 1 73 0
 198 0048 8C0083E0 		ldr	r0, .L20+4
 199 004c EFFFFFEA 		mov	r3, #0
 200              		strb	r3, [r0, #16]
  71:SFBChecksum.cpp ****  SFBChecksumFromString(SFBChecksum cs, const char * hexString) {
  72:SFBChecksum.cpp ****   int out = 0;
  73:SFBChecksum.cpp ****   int i;
 201              	fd	sp!, {r4}
 202 0050 10009FE5 		bx	lr
 203 0054 0030A0E3 	.L21:
 204 0058 1030C0E5 		.align	2
 205              	.L20:
  74:SFBChecksum.cpp **** or (i = 0; i < 2; ++i) {
  75:SFBChecksum.cpp ****     int j;
 206              	d	.LC0
ARM GAS  C:\Users\Chris\AppData\Local\Temp/ccKCbaaa.s 			page 6


 207 005c 1000BDE8 		.word	.LANCHOR0
 208 0060 1EFF2FE1 	.LFE6:
 209              		.size	_Z19SFBChecksumToStringPm, .-_Z19SFBChecksumToStringPm
 210              		.section	.text._Z21SFBChecksumFromStringPmPKc,"ax",%progbits
 211              		.align	2
 212 0064 00000000 		.global	_Z21SFBChecksumFromStringPmPKc
 213 0068 00000000 		.type	_Z21SFBChecksumFromStringPmPKc, %function
 214              	_Z21SFBChecksumFromStringPmPKc:
 215              	.LFB7:
 216              		.loc 1 77 0
 217              		@ Function supports interworking.
 218              		@ args = 0, pretend = 0, frame = 0
 219              		@ frame_needed = 0, uses_anonymous_args = 0
 220              		@ link register save eliminated.
 221              	.LVL14:
  76:SFBChecksum.cpp ****   cs[i] = 0;
  77:SFBChecksum.cpp ****     for (j = 28; j >= 0;  j -= 4) {
 222              	 r5, r6, r7, r8}
 223              	.LCFI2:
 224              		.loc 1 77 0
 225              		mov	r6, #0
 226              	.LVL15:
 227              		mov	r8, r1
 228 0000 F0012DE9 		mov	r7, r0
 229              		mov	r1, r6
 230              	.LVL16:
 231 0004 0060A0E3 	.L29:
 232              	.LBB6:
 233 0008 0180A0E1 	.LBB7:
 234 000c 0070A0E1 		.loc 1 82 0
 235 0010 0610A0E1 		mov	r3, #0
 236              		str	r3, [r7, r1]
 237              		add	r5, r8, r6
 238              		mov	r4, #28
 239              	.L28:
  78:SFBChecksum.cpp ****     int val;
  79:SFBChecksum.cpp ****       char ch = hexString[out++];
  80:SFBChecksum.cpp ****       if (ch >= '0' && ch <= '9') val = ch-'0';
  81:SFBChecksum.cpp ****       else if (ch >= 'a' && ch <= 'f') val = ch-'a'+10;
  82:SFBChecksum.cpp ****       else if (ch >= 'A' && ch <= 'F') val = ch-'A'+10;
 240              	0
 241 0014 0030A0E3 		ldrb	r2, [r5, #0]	@ zero_extendqisi2
 242 0018 013087E7 	.LVL17:
 243 001c 065088E0 		.loc 1 86 0
 244 0020 1C40A0E3 		sub	ip, r2, #48
 245              		and	r3, ip, #255
 246              		cmp	r3, #9
  83:SFBChecksum.cpp ****  else return 0;
  84:SFBChecksum.cpp ****       cs[i] |= val<<j;
  85:SFBChecksum.cpp ****     }
 247              	 87 0
 248 0024 0020D5E5 		sub	r0, r2, #97
 249              		.loc 1 86 0
  86:SFBChecksum.cpp **** 
 250              	vls	r2, ip
 251 0028 30C042E2 	.LVL18:
 252 002c FF300CE2 		bls	.L24
ARM GAS  C:\Users\Chris\AppData\Local\Temp/ccKCbaaa.s 			page 7


 253 0030 090053E3 		.loc 1 87 0
  87:SFBChecksum.cpp ****   return 1;
 254              		r0, #5
 255 0034 610042E2 		.loc 1 88 0
 256              		sub	r3, r2, #65
 257 0038 0C20A091 	.LVL19:
 258              		.loc 1 87 0
 259 003c 0700009A 		subls	r2, r2, #87
 260              	.LVL20:
 261 0040 050050E3 		bls	.L24
  88:SFBChecksum.cpp **** 
 262              	88 0
 263 0044 413042E2 		cmp	r3, #5
 264              		movhi	r0, #0
 265              		bhi	.L27
 266 0048 57204292 	.L26:
 267              		sub	r2, r2, #55
 268 004c 0300009A 	.LVL21:
 269              	.L24:
 270 0050 050053E3 		.loc 1 90 0
 271 0054 0000A083 		ldr	r3, [r7, r1]
 272 0058 0C00008A 		orr	r3, r3, r2, asl r4
 273              	.LBE8:
 274 005c 372042E2 		.loc 1 83 0
 275              		sub	r4, r4, #4
 276              		cmn	r4, #4
  89:SFBChecksum.cpp **** 
  90:SFBChecksum.cpp **** #ifdef TEST_CHECKSUM
 277              	90 0
 278 0060 013097E7 		str	r3, [r7, r1]
 279 0064 123483E1 		.loc 1 85 0
 280              		add	r6, r6, #1
 281              	.LBE9:
 282 0068 044044E2 		.loc 1 83 0
 283 006c 040074E3 		add	r5, r5, #1
 284              		bne	.L28
 285              		add	r1, r1, #4
 286 0070 013087E7 	.LBE7:
 287              		.loc 1 80 0
 288 0074 016086E2 		cmp	r1, #8
 289              		bne	.L29
 290              		mov	r0, #1
 291 0078 015085E2 	.L27:
 292 007c E8FFFF1A 	.LBE6:
 293 0080 041081E2 		.loc 1 94 0
 294              		ldmfd	sp!, {r4, r5, r6, r7, r8}
 295              		bx	lr
 296 0084 080051E3 	.LFE7:
 297 0088 E1FFFF1A 		.size	_Z21SFBChecksumFromStringPmPKc, .-_Z21SFBChecksumFromStringPmPKc
 298 008c 0100A0E3 		.section	.rodata.str1.1,"aMS",%progbits,1
 299              	.LC0:
 300              		.ascii	"0123456789abcdef\000"
  91:SFBChecksum.cpp **** include <stdio.h>  /* for printf */
  92:SFBChecksum.cpp **** #include <string.h> /* for strlen, strcmp */
  93:SFBChecksum.cpp **** #include <stdlib.h> /* for exit, srandom, random */
  94:SFBChecksum.cpp **** 
 301              	aw",%nobits
ARM GAS  C:\Users\Chris\AppData\Local\Temp/ccKCbaaa.s 			page 8


 302 0090 F001BDE8 		.set	.LANCHOR0,. + 0
 303 0094 1EFF2FE1 		.type	_ZL3buf, %object
 304              		.size	_ZL3buf, 17
 305              	_ZL3buf:
 306              		.space	17
 307              		.section	.debug_frame,"",%progbits
 308 0000 30313233 	.Lframe0:
 308      34353637 
 308      38396162 
 308      63646566 
 308      00
 309              		.4byte	.LECIE0-.LSCIE0
 310              	.LSCIE0:
 311              		.4byte	0xffffffff
 312              		.byte	0x1
 313              		.ascii	"\000"
 314 0000 00000000 		.uleb128 0x1
 314      00000000 
 314      00000000 
 314      00000000 
 314      00
 315              		.sleb128 -4
 316              		.byte	0xe
 317 0000 0C000000 		.byte	0xc
 318              		.uleb128 0xd
 319 0004 FFFFFFFF 		.uleb128 0x0
 320 0008 01       		.align	2
 321 0009 00       	.LECIE0:
 322 000a 01       	.LSFDE0:
 323 000b 7C       		.4byte	.LEFDE0-.LASFDE0
 324 000c 0E       	.LASFDE0:
 325 000d 0C       		.4byte	.Lframe0
 326 000e 0D       		.4byte	.LFB2
 327 000f 00       		.4byte	.LFE2-.LFB2
 328              		.align	2
 329              	.LEFDE0:
 330              	.LSFDE2:
 331 0010 0C000000 		.4byte	.LEFDE2-.LASFDE2
 332              	.LASFDE2:
 333 0014 00000000 		.4byte	.Lframe0
 334 0018 00000000 		.4byte	.LFB3
 335 001c 1C000000 		.4byte	.LFE3-.LFB3
 336              		.align	2
 337              	.LEFDE2:
 338              	.LSFDE4:
 339 0020 0C000000 		.4byte	.LEFDE4-.LASFDE4
 340              	.LASFDE4:
 341 0024 00000000 		.4byte	.Lframe0
 342 0028 00000000 		.4byte	.LFB4
 343 002c 2C000000 		.4byte	.LFE4-.LFB4
 344              		.byte	0x4
 345              		.4byte	.LCFI0-.LFB4
 346              		.byte	0xe
 347 0030 1C000000 		.uleb128 0x18
 348              		.byte	0x8e
 349 0034 00000000 		.uleb128 0x1
 350 0038 00000000 		.byte	0x88
ARM GAS  C:\Users\Chris\AppData\Local\Temp/ccKCbaaa.s 			page 9


 351 003c 38000000 		.uleb128 0x2
 352 0040 44       		.byte	0x87
 353              		.uleb128 0x3
 354 0041 0E       		.byte	0x86
 355 0042 18       		.uleb128 0x4
 356 0043 8E       		.byte	0x85
 357 0044 01       		.uleb128 0x5
 358 0045 88       		.byte	0x84
 359 0046 02       		.uleb128 0x6
 360 0047 87       		.align	2
 361 0048 03       	.LEFDE4:
 362 0049 86       	.LSFDE6:
 363 004a 04       		.4byte	.LEFDE6-.LASFDE6
 364 004b 85       	.LASFDE6:
 365 004c 05       		.4byte	.Lframe0
 366 004d 84       		.4byte	.LFB5
 367 004e 06       		.4byte	.LFE5-.LFB5
 368 004f 00       		.align	2
 369              	.LEFDE6:
 370              	.LSFDE8:
 371 0050 0C000000 		.4byte	.LEFDE8-.LASFDE8
 372              	.LASFDE8:
 373 0054 00000000 		.4byte	.Lframe0
 374 0058 00000000 		.4byte	.LFB6
 375 005c 2C000000 		.4byte	.LFE6-.LFB6
 376              		.byte	0x4
 377              		.4byte	.LCFI1-.LFB6
 378              		.byte	0xe
 379 0060 14000000 		.uleb128 0x4
 380              		.byte	0x84
 381 0064 00000000 		.uleb128 0x1
 382 0068 00000000 		.align	2
 383 006c 6C000000 	.LEFDE8:
 384 0070 44       	.LSFDE10:
 385              		.4byte	.LEFDE10-.LASFDE10
 386 0071 0E       	.LASFDE10:
 387 0072 04       		.4byte	.Lframe0
 388 0073 84       		.4byte	.LFB7
 389 0074 01       		.4byte	.LFE7-.LFB7
 390 0075 000000   		.byte	0x4
 391              		.4byte	.LCFI2-.LFB7
 392              		.byte	0xe
 393 0078 1C000000 		.uleb128 0x14
 394              		.byte	0x88
 395 007c 00000000 		.uleb128 0x1
 396 0080 00000000 		.byte	0x87
 397 0084 98000000 		.uleb128 0x2
 398 0088 44       		.byte	0x86
 399              		.uleb128 0x3
 400 0089 0E       		.byte	0x85
 401 008a 14       		.uleb128 0x4
 402 008b 88       		.byte	0x84
 403 008c 01       		.uleb128 0x5
 404 008d 87       		.align	2
 405 008e 02       	.LEFDE10:
 406 008f 86       		.text
 407 0090 03       	.Letext0:
ARM GAS  C:\Users\Chris\AppData\Local\Temp/ccKCbaaa.s 			page 10


 408 0091 85       		.section	.debug_loc,"",%progbits
 409 0092 04       	.Ldebug_loc0:
 410 0093 84       	.LLST2:
 411 0094 05       		.4byte	.LVL1
 412 0095 000000   		.4byte	.LVL2
 413              		.2byte	0x1
 414              		.byte	0x51
 415              		.4byte	0x0
 416              		.4byte	0x0
 417              	.LLST3:
 418              		.4byte	.LFB4
 419 0000 00000000 		.4byte	.LCFI0
 420 0004 0C000000 		.2byte	0x1
 421 0008 0100     		.byte	0x5d
 422 000a 51       		.4byte	.LCFI0
 423 000b 00000000 		.4byte	.LFE4
 424 000f 00000000 		.2byte	0x2
 425              		.byte	0x7d
 426 0013 00000000 		.sleb128 24
 427 0017 04000000 		.4byte	0x0
 428 001b 0100     		.4byte	0x0
 429 001d 5D       	.LLST4:
 430 001e 04000000 		.4byte	.LVL3
 431 0022 38000000 		.4byte	.LVL5
 432 0026 0200     		.2byte	0x1
 433 0028 7D       		.byte	0x50
 434 0029 18       		.4byte	.LVL5
 435 002a 00000000 		.4byte	.LFE4
 436 002e 00000000 		.2byte	0x1
 437              		.byte	0x57
 438 0032 00000000 		.4byte	0x0
 439 0036 18000000 		.4byte	0x0
 440 003a 0100     	.LLST5:
 441 003c 50       		.4byte	.LVL3
 442 003d 18000000 		.4byte	.LVL5
 443 0041 38000000 		.2byte	0x1
 444 0045 0100     		.byte	0x51
 445 0047 57       		.4byte	.LVL5
 446 0048 00000000 		.4byte	.LFE4
 447 004c 00000000 		.2byte	0x1
 448              		.byte	0x56
 449 0050 00000000 		.4byte	0x0
 450 0054 18000000 		.4byte	0x0
 451 0058 0100     	.LLST6:
 452 005a 51       		.4byte	.LVL3
 453 005b 18000000 		.4byte	.LVL5
 454 005f 38000000 		.2byte	0x1
 455 0063 0100     		.byte	0x52
 456 0065 56       		.4byte	.LVL5
 457 0066 00000000 		.4byte	.LFE4
 458 006a 00000000 		.2byte	0x1
 459              		.byte	0x55
 460 006e 00000000 		.4byte	0x0
 461 0072 18000000 		.4byte	0x0
 462 0076 0100     	.LLST8:
 463 0078 52       		.4byte	.LVL7
 464 0079 18000000 		.4byte	.LVL8
ARM GAS  C:\Users\Chris\AppData\Local\Temp/ccKCbaaa.s 			page 11


 465 007d 38000000 		.2byte	0x1
 466 0081 0100     		.byte	0x50
 467 0083 55       		.4byte	.LVL9
 468 0084 00000000 		.4byte	.LVL10
 469 0088 00000000 		.2byte	0x1
 470              		.byte	0x50
 471 008c 00000000 		.4byte	0x0
 472 0090 10000000 		.4byte	0x0
 473 0094 0100     	.LLST9:
 474 0096 50       		.4byte	.LFB6
 475 0097 18000000 		.4byte	.LCFI1
 476 009b 28000000 		.2byte	0x1
 477 009f 0100     		.byte	0x5d
 478 00a1 50       		.4byte	.LCFI1
 479 00a2 00000000 		.4byte	.LFE6
 480 00a6 00000000 		.2byte	0x2
 481              		.byte	0x7d
 482 00aa 00000000 		.sleb128 4
 483 00ae 04000000 		.4byte	0x0
 484 00b2 0100     		.4byte	0x0
 485 00b4 5D       	.LLST10:
 486 00b5 04000000 		.4byte	.LVL11
 487 00b9 6C000000 		.4byte	.LVL12
 488 00bd 0200     		.2byte	0x1
 489 00bf 7D       		.byte	0x50
 490 00c0 04       		.4byte	.LVL12
 491 00c1 00000000 		.4byte	.LFE6
 492 00c5 00000000 		.2byte	0x1
 493              		.byte	0x54
 494 00c9 00000000 		.4byte	0x0
 495 00cd 10000000 		.4byte	0x0
 496 00d1 0100     	.LLST11:
 497 00d3 50       		.4byte	.LFB7
 498 00d4 10000000 		.4byte	.LCFI2
 499 00d8 6C000000 		.2byte	0x1
 500 00dc 0100     		.byte	0x5d
 501 00de 54       		.4byte	.LCFI2
 502 00df 00000000 		.4byte	.LFE7
 503 00e3 00000000 		.2byte	0x2
 504              		.byte	0x7d
 505 00e7 00000000 		.sleb128 20
 506 00eb 04000000 		.4byte	0x0
 507 00ef 0100     		.4byte	0x0
 508 00f1 5D       	.LLST12:
 509 00f2 04000000 		.4byte	.LVL14
 510 00f6 98000000 		.4byte	.LVL16
 511 00fa 0200     		.2byte	0x1
 512 00fc 7D       		.byte	0x50
 513 00fd 14       		.4byte	.LVL16
 514 00fe 00000000 		.4byte	.LFE7
 515 0102 00000000 		.2byte	0x1
 516              		.byte	0x57
 517 0106 00000000 		.4byte	0x0
 518 010a 14000000 		.4byte	0x0
 519 010e 0100     	.LLST13:
 520 0110 50       		.4byte	.LVL14
 521 0111 14000000 		.4byte	.LVL16
ARM GAS  C:\Users\Chris\AppData\Local\Temp/ccKCbaaa.s 			page 12


 522 0115 98000000 		.2byte	0x1
 523 0119 0100     		.byte	0x51
 524 011b 57       		.4byte	.LVL16
 525 011c 00000000 		.4byte	.LFE7
 526 0120 00000000 		.2byte	0x1
 527              		.byte	0x58
 528 0124 00000000 		.4byte	0x0
 529 0128 14000000 		.4byte	0x0
 530 012c 0100     	.LLST14:
 531 012e 51       		.4byte	.LVL16
 532 012f 14000000 		.4byte	.LVL17
 533 0133 98000000 		.2byte	0x1
 534 0137 0100     		.byte	0x52
 535 0139 58       		.4byte	.LVL18
 536 013a 00000000 		.4byte	.LFE7
 537 013e 00000000 		.2byte	0x1
 538              		.byte	0x52
 539 0142 14000000 		.4byte	0x0
 540 0146 28000000 		.4byte	0x0
 541 014a 0100     	.LLST15:
 542 014c 52       		.4byte	.LVL17
 543 014d 3C000000 		.4byte	.LVL18
 544 0151 98000000 		.2byte	0x1
 545 0155 0100     		.byte	0x52
 546 0157 52       		.4byte	.LVL19
 547 0158 00000000 		.4byte	.LVL20
 548 015c 00000000 		.2byte	0x1
 549              		.byte	0x52
 550 0160 28000000 		.4byte	.LVL21
 551 0164 3C000000 		.4byte	.LFE7
 552 0168 0100     		.2byte	0x1
 553 016a 52       		.byte	0x52
 554 016b 48000000 		.4byte	0x0
 555 016f 4C000000 		.4byte	0x0
 556 0173 0100     		.file 2 "c:\\program files\\codesourcery\\sourcery g++ lite\\bin\\../lib/gcc/arm-none-eabi/4.3.2/.
 557 0175 52       		.section	.debug_info
 558 0176 60000000 		.4byte	0x299
 559 017a 98000000 		.2byte	0x2
 560 017e 0100     		.4byte	.Ldebug_abbrev0
 561 0180 52       		.byte	0x4
 562 0181 00000000 		.uleb128 0x1
 563 0185 00000000 		.4byte	.LASF26
 564              		.byte	0x4
 565              		.4byte	.LASF27
 566 0000 99020000 		.4byte	.LASF28
 567 0004 0200     		.4byte	0x0
 568 0006 00000000 		.4byte	0x0
 569 000a 04       		.4byte	.Ldebug_ranges0+0x18
 570 000b 01       		.4byte	.Ldebug_line0
 571 000c 44000000 		.uleb128 0x2
 572 0010 04       		.byte	0x1
 573 0011 1A010000 		.byte	0x6
 574 0015 C7010000 		.4byte	.LASF0
 575 0019 00000000 		.uleb128 0x2
 576 001d 00000000 		.byte	0x1
 577 0021 18000000 		.byte	0x8
 578 0025 00000000 		.4byte	.LASF1
ARM GAS  C:\Users\Chris\AppData\Local\Temp/ccKCbaaa.s 			page 13


 579 0029 02       		.uleb128 0x2
 580 002a 01       		.byte	0x2
 581 002b 06       		.byte	0x5
 582 002c E2010000 		.4byte	.LASF2
 583 0030 02       		.uleb128 0x2
 584 0031 01       		.byte	0x2
 585 0032 08       		.byte	0x7
 586 0033 6B000000 		.4byte	.LASF3
 587 0037 02       		.uleb128 0x2
 588 0038 02       		.byte	0x4
 589 0039 05       		.byte	0x5
 590 003a B4010000 		.4byte	.LASF4
 591 003e 02       		.uleb128 0x3
 592 003f 02       		.4byte	.LASF29
 593 0040 07       		.byte	0x2
 594 0041 A5000000 		.byte	0x54
 595 0045 02       		.4byte	0x57
 596 0046 04       		.uleb128 0x2
 597 0047 05       		.byte	0x4
 598 0048 D9010000 		.byte	0x7
 599 004c 03       		.4byte	.LASF5
 600 004d B8000000 		.uleb128 0x2
 601 0051 02       		.byte	0x8
 602 0052 54       		.byte	0x5
 603 0053 57000000 		.4byte	.LASF6
 604 0057 02       		.uleb128 0x2
 605 0058 04       		.byte	0x8
 606 0059 07       		.byte	0x7
 607 005a 93000000 		.4byte	.LASF7
 608 005e 02       		.uleb128 0x4
 609 005f 08       		.byte	0x4
 610 0060 05       		.byte	0x5
 611 0061 71010000 		.ascii	"int\000"
 612 0065 02       		.uleb128 0x2
 613 0066 08       		.byte	0x4
 614 0067 07       		.byte	0x7
 615 0068 2A010000 		.4byte	.LASF8
 616 006c 04       		.uleb128 0x5
 617 006d 04       		.byte	0x4
 618 006e 05       		.byte	0x7
 619 006f 696E7400 		.uleb128 0x6
 620 0073 02       		.byte	0x1
 621 0074 04       		.4byte	.LASF9
 622 0075 07       		.byte	0x1
 623 0076 0D010000 		.byte	0x24
 624 007a 05       		.4byte	.LASF11
 625 007b 04       		.4byte	.LFB2
 626 007c 07       		.4byte	.LFE2
 627 007d 06       		.byte	0x1
 628 007e 01       		.byte	0x5d
 629 007f C1000000 		.4byte	0xa4
 630 0083 01       		.uleb128 0x7
 631 0084 24       		.ascii	"cs\000"
 632 0085 9E010000 		.byte	0x1
 633 0089 00000000 		.byte	0x24
 634 008d 1C000000 		.4byte	0xa4
 635 0091 01       		.byte	0x1
ARM GAS  C:\Users\Chris\AppData\Local\Temp/ccKCbaaa.s 			page 14


 636 0092 5D       		.byte	0x50
 637 0093 A4000000 		.byte	0x0
 638 0097 07       		.uleb128 0x8
 639 0098 637300   		.byte	0x4
 640 009b 01       		.4byte	0x4c
 641 009c 24       		.uleb128 0x6
 642 009d A4000000 		.byte	0x1
 643 00a1 01       		.4byte	.LASF10
 644 00a2 50       		.byte	0x1
 645 00a3 00       		.byte	0x29
 646 00a4 08       		.4byte	.LASF12
 647 00a5 04       		.4byte	.LFB3
 648 00a6 4C000000 		.4byte	.LFE3
 649 00aa 06       		.byte	0x1
 650 00ab 01       		.byte	0x5d
 651 00ac 00000000 		.4byte	0xeb
 652 00b0 01       		.uleb128 0x7
 653 00b1 29       		.ascii	"cs\000"
 654 00b2 84010000 		.byte	0x1
 655 00b6 00000000 		.byte	0x29
 656 00ba 2C000000 		.4byte	0xa4
 657 00be 01       		.byte	0x1
 658 00bf 5D       		.byte	0x50
 659 00c0 EB000000 		.uleb128 0x9
 660 00c4 07       		.4byte	.LASF13
 661 00c5 637300   		.byte	0x1
 662 00c8 01       		.byte	0x29
 663 00c9 29       		.4byte	0xeb
 664 00ca A4000000 		.4byte	.LLST2
 665 00ce 01       		.uleb128 0xa
 666 00cf 50       		.4byte	.LASF22
 667 00d0 09       		.byte	0x1
 668 00d1 66000000 		.byte	0x2a
 669 00d5 01       		.4byte	0x6c
 670 00d6 29       		.byte	0x0
 671 00d7 EB000000 		.uleb128 0x2
 672 00db 00000000 		.byte	0x1
 673 00df 0A       		.byte	0x8
 674 00e0 BE010000 		.4byte	.LASF14
 675 00e4 01       		.uleb128 0xb
 676 00e5 2A       		.byte	0x1
 677 00e6 6C000000 		.4byte	.LASF15
 678 00ea 00       		.byte	0x1
 679 00eb 02       		.byte	0x34
 680 00ec 01       		.4byte	.LASF16
 681 00ed 08       		.4byte	.LFB4
 682 00ee 7F010000 		.4byte	.LFE4
 683 00f2 0B       		.4byte	.LLST3
 684 00f3 01       		.4byte	0x146
 685 00f4 D1000000 		.uleb128 0xc
 686 00f8 01       		.ascii	"cs\000"
 687 00f9 34       		.byte	0x1
 688 00fa E5000000 		.byte	0x34
 689 00fe 00000000 		.4byte	0xa4
 690 0102 38000000 		.4byte	.LLST4
 691 0106 13000000 		.uleb128 0x9
 692 010a 46010000 		.4byte	.LASF13
ARM GAS  C:\Users\Chris\AppData\Local\Temp/ccKCbaaa.s 			page 15


 693 010e 0C       		.byte	0x1
 694 010f 637300   		.byte	0x34
 695 0112 01       		.4byte	0x146
 696 0113 34       		.4byte	.LLST5
 697 0114 A4000000 		.uleb128 0x9
 698 0118 32000000 		.4byte	.LASF17
 699 011c 09       		.byte	0x1
 700 011d 66000000 		.byte	0x34
 701 0121 01       		.4byte	0x6c
 702 0122 34       		.4byte	.LLST6
 703 0123 46010000 		.uleb128 0xd
 704 0127 50000000 		.ascii	"i\000"
 705 012b 09       		.byte	0x1
 706 012c EE010000 		.byte	0x35
 707 0130 01       		.4byte	0x6c
 708 0131 34       		.byte	0x1
 709 0132 6C000000 		.byte	0x54
 710 0136 6E000000 		.byte	0x0
 711 013a 0D       		.uleb128 0x8
 712 013b 6900     		.byte	0x4
 713 013d 01       		.4byte	0x14c
 714 013e 35       		.uleb128 0xe
 715 013f 6C000000 		.4byte	0xeb
 716 0143 01       		.uleb128 0xf
 717 0144 54       		.byte	0x1
 718 0145 00       		.4byte	.LASF18
 719 0146 08       		.byte	0x1
 720 0147 04       		.byte	0x3a
 721 0148 4C010000 		.4byte	.LASF20
 722 014c 0E       		.4byte	0x6c
 723 014d EB000000 		.4byte	.LFB5
 724 0151 0F       		.4byte	.LFE5
 725 0152 01       		.byte	0x1
 726 0153 41010000 		.byte	0x5d
 727 0157 01       		.4byte	0x18c
 728 0158 3A       		.uleb128 0xc
 729 0159 13000000 		.ascii	"cs1\000"
 730 015d 6C000000 		.byte	0x1
 731 0161 00000000 		.byte	0x3a
 732 0165 2C000000 		.4byte	0x18c
 733 0169 01       		.4byte	.LLST8
 734 016a 5D       		.uleb128 0x7
 735 016b 8C010000 		.ascii	"cs2\000"
 736 016f 0C       		.byte	0x1
 737 0170 63733100 		.byte	0x3a
 738 0174 01       		.4byte	0x18c
 739 0175 3A       		.byte	0x1
 740 0176 8C010000 		.byte	0x51
 741 017a 8C000000 		.byte	0x0
 742 017e 07       		.uleb128 0x8
 743 017f 63733200 		.byte	0x4
 744 0183 01       		.4byte	0x192
 745 0184 3A       		.uleb128 0xe
 746 0185 8C010000 		.4byte	0x4c
 747 0189 01       		.uleb128 0x10
 748 018a 51       		.byte	0x1
 749 018b 00       		.4byte	.LASF19
ARM GAS  C:\Users\Chris\AppData\Local\Temp/ccKCbaaa.s 			page 16


 750 018c 08       		.byte	0x1
 751 018d 04       		.byte	0x40
 752 018e 92010000 		.4byte	.LASF21
 753 0192 0E       		.4byte	0x146
 754 0193 4C000000 		.4byte	.LFB6
 755 0197 10       		.4byte	.LFE6
 756 0198 01       		.4byte	.LLST9
 757 0199 52000000 		.4byte	0x1ef
 758 019d 01       		.uleb128 0xc
 759 019e 40       		.ascii	"cs\000"
 760 019f 79000000 		.byte	0x1
 761 01a3 46010000 		.byte	0x40
 762 01a7 00000000 		.4byte	0xa4
 763 01ab 6C000000 		.4byte	.LLST10
 764 01af AA000000 		.uleb128 0x11
 765 01b3 EF010000 		.ascii	"out\000"
 766 01b7 0C       		.byte	0x1
 767 01b8 637300   		.byte	0x41
 768 01bb 01       		.4byte	0x6c
 769 01bc 40       		.uleb128 0x11
 770 01bd A4000000 		.ascii	"i\000"
 771 01c1 C9000000 		.byte	0x1
 772 01c5 11       		.byte	0x42
 773 01c6 6F757400 		.4byte	0x6c
 774 01ca 01       		.uleb128 0x12
 775 01cb 41       		.4byte	.LBB5
 776 01cc 6C000000 		.4byte	.LBE5
 777 01d0 11       		.uleb128 0xd
 778 01d1 6900     		.ascii	"j\000"
 779 01d3 01       		.byte	0x1
 780 01d4 42       		.byte	0x44
 781 01d5 6C000000 		.4byte	0x6c
 782 01d9 12       		.byte	0x1
 783 01da 10000000 		.byte	0x51
 784 01de 38000000 		.byte	0x0
 785 01e2 0D       		.byte	0x0
 786 01e3 6A00     		.uleb128 0x10
 787 01e5 01       		.byte	0x1
 788 01e6 44       		.4byte	.LASF23
 789 01e7 6C000000 		.byte	0x1
 790 01eb 01       		.byte	0x4d
 791 01ec 51       		.4byte	.LASF24
 792 01ed 00       		.4byte	0x6c
 793 01ee 00       		.4byte	.LFB7
 794 01ef 10       		.4byte	.LFE7
 795 01f0 01       		.4byte	.LLST11
 796 01f1 2E000000 		.4byte	0x27b
 797 01f5 01       		.uleb128 0xc
 798 01f6 4D       		.ascii	"cs\000"
 799 01f7 52010000 		.byte	0x1
 800 01fb 6C000000 		.byte	0x4d
 801 01ff 00000000 		.4byte	0xa4
 802 0203 98000000 		.4byte	.LLST12
 803 0207 E7000000 		.uleb128 0x9
 804 020b 7B020000 		.4byte	.LASF25
 805 020f 0C       		.byte	0x1
 806 0210 637300   		.byte	0x4d
ARM GAS  C:\Users\Chris\AppData\Local\Temp/ccKCbaaa.s 			page 17


 807 0213 01       		.4byte	0x146
 808 0214 4D       		.4byte	.LLST13
 809 0215 A4000000 		.uleb128 0xd
 810 0219 06010000 		.ascii	"out\000"
 811 021d 09       		.byte	0x1
 812 021e 03010000 		.byte	0x4e
 813 0222 01       		.4byte	0x6c
 814 0223 4D       		.byte	0x1
 815 0224 46010000 		.byte	0x56
 816 0228 24010000 		.uleb128 0x11
 817 022c 0D       		.ascii	"i\000"
 818 022d 6F757400 		.byte	0x1
 819 0231 01       		.byte	0x4f
 820 0232 4E       		.4byte	0x6c
 821 0233 6C000000 		.uleb128 0x12
 822 0237 01       		.4byte	.LBB7
 823 0238 56       		.4byte	.LBE7
 824 0239 11       		.uleb128 0xd
 825 023a 6900     		.ascii	"j\000"
 826 023c 01       		.byte	0x1
 827 023d 4F       		.byte	0x51
 828 023e 6C000000 		.4byte	0x6c
 829 0242 12       		.byte	0x1
 830 0243 14000000 		.byte	0x54
 831 0247 84000000 		.uleb128 0x13
 832 024b 0D       		.4byte	.Ldebug_ranges0+0x0
 833 024c 6A00     		.uleb128 0x14
 834 024e 01       		.ascii	"val\000"
 835 024f 51       		.byte	0x1
 836 0250 6C000000 		.byte	0x54
 837 0254 01       		.4byte	0x6c
 838 0255 54       		.4byte	.LLST14
 839 0256 13       		.uleb128 0x14
 840 0257 00000000 		.ascii	"ch\000"
 841 025b 14       		.byte	0x1
 842 025c 76616C00 		.byte	0x55
 843 0260 01       		.4byte	0xeb
 844 0261 54       		.4byte	.LLST15
 845 0262 6C000000 		.byte	0x0
 846 0266 42010000 		.byte	0x0
 847 026a 14       		.byte	0x0
 848 026b 636800   		.uleb128 0x15
 849 026e 01       		.4byte	0xeb
 850 026f 55       		.4byte	0x28b
 851 0270 EB000000 		.uleb128 0x16
 852 0274 60010000 		.4byte	0x7a
 853 0278 00       		.byte	0x10
 854 0279 00       		.byte	0x0
 855 027a 00       		.uleb128 0xd
 856 027b 15       		.ascii	"buf\000"
 857 027c EB000000 		.byte	0x1
 858 0280 8B020000 		.byte	0x3e
 859 0284 16       		.4byte	0x27b
 860 0285 7A000000 		.byte	0x5
 861 0289 10       		.byte	0x3
 862 028a 00       		.4byte	_ZL3buf
 863 028b 0D       		.byte	0x0
ARM GAS  C:\Users\Chris\AppData\Local\Temp/ccKCbaaa.s 			page 18


 864 028c 62756600 		.section	.debug_abbrev
 865 0290 01       		.uleb128 0x1
 866 0291 3E       		.uleb128 0x11
 867 0292 7B020000 		.byte	0x1
 868 0296 05       		.uleb128 0x25
 869 0297 03       		.uleb128 0xe
 870 0298 00000000 		.uleb128 0x13
 871 029c 00       		.uleb128 0xb
 872              		.uleb128 0x3
 873 0000 01       		.uleb128 0xe
 874 0001 11       		.uleb128 0x1b
 875 0002 01       		.uleb128 0xe
 876 0003 25       		.uleb128 0x11
 877 0004 0E       		.uleb128 0x1
 878 0005 13       		.uleb128 0x52
 879 0006 0B       		.uleb128 0x1
 880 0007 03       		.uleb128 0x55
 881 0008 0E       		.uleb128 0x6
 882 0009 1B       		.uleb128 0x10
 883 000a 0E       		.uleb128 0x6
 884 000b 11       		.byte	0x0
 885 000c 01       		.byte	0x0
 886 000d 52       		.uleb128 0x2
 887 000e 01       		.uleb128 0x24
 888 000f 55       		.byte	0x0
 889 0010 06       		.uleb128 0xb
 890 0011 10       		.uleb128 0xb
 891 0012 06       		.uleb128 0x3e
 892 0013 00       		.uleb128 0xb
 893 0014 00       		.uleb128 0x3
 894 0015 02       		.uleb128 0xe
 895 0016 24       		.byte	0x0
 896 0017 00       		.byte	0x0
 897 0018 0B       		.uleb128 0x3
 898 0019 0B       		.uleb128 0x16
 899 001a 3E       		.byte	0x0
 900 001b 0B       		.uleb128 0x3
 901 001c 03       		.uleb128 0xe
 902 001d 0E       		.uleb128 0x3a
 903 001e 00       		.uleb128 0xb
 904 001f 00       		.uleb128 0x3b
 905 0020 03       		.uleb128 0xb
 906 0021 16       		.uleb128 0x49
 907 0022 00       		.uleb128 0x13
 908 0023 03       		.byte	0x0
 909 0024 0E       		.byte	0x0
 910 0025 3A       		.uleb128 0x4
 911 0026 0B       		.uleb128 0x24
 912 0027 3B       		.byte	0x0
 913 0028 0B       		.uleb128 0xb
 914 0029 49       		.uleb128 0xb
 915 002a 13       		.uleb128 0x3e
 916 002b 00       		.uleb128 0xb
 917 002c 00       		.uleb128 0x3
 918 002d 04       		.uleb128 0x8
 919 002e 24       		.byte	0x0
 920 002f 00       		.byte	0x0
ARM GAS  C:\Users\Chris\AppData\Local\Temp/ccKCbaaa.s 			page 19


 921 0030 0B       		.uleb128 0x5
 922 0031 0B       		.uleb128 0x24
 923 0032 3E       		.byte	0x0
 924 0033 0B       		.uleb128 0xb
 925 0034 03       		.uleb128 0xb
 926 0035 08       		.uleb128 0x3e
 927 0036 00       		.uleb128 0xb
 928 0037 00       		.byte	0x0
 929 0038 05       		.byte	0x0
 930 0039 24       		.uleb128 0x6
 931 003a 00       		.uleb128 0x2e
 932 003b 0B       		.byte	0x1
 933 003c 0B       		.uleb128 0x3f
 934 003d 3E       		.uleb128 0xc
 935 003e 0B       		.uleb128 0x3
 936 003f 00       		.uleb128 0xe
 937 0040 00       		.uleb128 0x3a
 938 0041 06       		.uleb128 0xb
 939 0042 2E       		.uleb128 0x3b
 940 0043 01       		.uleb128 0xb
 941 0044 3F       		.uleb128 0x2007
 942 0045 0C       		.uleb128 0xe
 943 0046 03       		.uleb128 0x11
 944 0047 0E       		.uleb128 0x1
 945 0048 3A       		.uleb128 0x12
 946 0049 0B       		.uleb128 0x1
 947 004a 3B       		.uleb128 0x40
 948 004b 0B       		.uleb128 0xa
 949 004c 8740     		.uleb128 0x1
 950 004e 0E       		.uleb128 0x13
 951 004f 11       		.byte	0x0
 952 0050 01       		.byte	0x0
 953 0051 12       		.uleb128 0x7
 954 0052 01       		.uleb128 0x5
 955 0053 40       		.byte	0x0
 956 0054 0A       		.uleb128 0x3
 957 0055 01       		.uleb128 0x8
 958 0056 13       		.uleb128 0x3a
 959 0057 00       		.uleb128 0xb
 960 0058 00       		.uleb128 0x3b
 961 0059 07       		.uleb128 0xb
 962 005a 05       		.uleb128 0x49
 963 005b 00       		.uleb128 0x13
 964 005c 03       		.uleb128 0x2
 965 005d 08       		.uleb128 0xa
 966 005e 3A       		.byte	0x0
 967 005f 0B       		.byte	0x0
 968 0060 3B       		.uleb128 0x8
 969 0061 0B       		.uleb128 0xf
 970 0062 49       		.byte	0x0
 971 0063 13       		.uleb128 0xb
 972 0064 02       		.uleb128 0xb
 973 0065 0A       		.uleb128 0x49
 974 0066 00       		.uleb128 0x13
 975 0067 00       		.byte	0x0
 976 0068 08       		.byte	0x0
 977 0069 0F       		.uleb128 0x9
ARM GAS  C:\Users\Chris\AppData\Local\Temp/ccKCbaaa.s 			page 20


 978 006a 00       		.uleb128 0x5
 979 006b 0B       		.byte	0x0
 980 006c 0B       		.uleb128 0x3
 981 006d 49       		.uleb128 0xe
 982 006e 13       		.uleb128 0x3a
 983 006f 00       		.uleb128 0xb
 984 0070 00       		.uleb128 0x3b
 985 0071 09       		.uleb128 0xb
 986 0072 05       		.uleb128 0x49
 987 0073 00       		.uleb128 0x13
 988 0074 03       		.uleb128 0x2
 989 0075 0E       		.uleb128 0x6
 990 0076 3A       		.byte	0x0
 991 0077 0B       		.byte	0x0
 992 0078 3B       		.uleb128 0xa
 993 0079 0B       		.uleb128 0x34
 994 007a 49       		.byte	0x0
 995 007b 13       		.uleb128 0x3
 996 007c 02       		.uleb128 0xe
 997 007d 06       		.uleb128 0x3a
 998 007e 00       		.uleb128 0xb
 999 007f 00       		.uleb128 0x3b
 1000 0080 0A       		.uleb128 0xb
 1001 0081 34       		.uleb128 0x49
 1002 0082 00       		.uleb128 0x13
 1003 0083 03       		.byte	0x0
 1004 0084 0E       		.byte	0x0
 1005 0085 3A       		.uleb128 0xb
 1006 0086 0B       		.uleb128 0x2e
 1007 0087 3B       		.byte	0x1
 1008 0088 0B       		.uleb128 0x3f
 1009 0089 49       		.uleb128 0xc
 1010 008a 13       		.uleb128 0x3
 1011 008b 00       		.uleb128 0xe
 1012 008c 00       		.uleb128 0x3a
 1013 008d 0B       		.uleb128 0xb
 1014 008e 2E       		.uleb128 0x3b
 1015 008f 01       		.uleb128 0xb
 1016 0090 3F       		.uleb128 0x2007
 1017 0091 0C       		.uleb128 0xe
 1018 0092 03       		.uleb128 0x11
 1019 0093 0E       		.uleb128 0x1
 1020 0094 3A       		.uleb128 0x12
 1021 0095 0B       		.uleb128 0x1
 1022 0096 3B       		.uleb128 0x40
 1023 0097 0B       		.uleb128 0x6
 1024 0098 8740     		.uleb128 0x1
 1025 009a 0E       		.uleb128 0x13
 1026 009b 11       		.byte	0x0
 1027 009c 01       		.byte	0x0
 1028 009d 12       		.uleb128 0xc
 1029 009e 01       		.uleb128 0x5
 1030 009f 40       		.byte	0x0
 1031 00a0 06       		.uleb128 0x3
 1032 00a1 01       		.uleb128 0x8
 1033 00a2 13       		.uleb128 0x3a
 1034 00a3 00       		.uleb128 0xb
ARM GAS  C:\Users\Chris\AppData\Local\Temp/ccKCbaaa.s 			page 21


 1035 00a4 00       		.uleb128 0x3b
 1036 00a5 0C       		.uleb128 0xb
 1037 00a6 05       		.uleb128 0x49
 1038 00a7 00       		.uleb128 0x13
 1039 00a8 03       		.uleb128 0x2
 1040 00a9 08       		.uleb128 0x6
 1041 00aa 3A       		.byte	0x0
 1042 00ab 0B       		.byte	0x0
 1043 00ac 3B       		.uleb128 0xd
 1044 00ad 0B       		.uleb128 0x34
 1045 00ae 49       		.byte	0x0
 1046 00af 13       		.uleb128 0x3
 1047 00b0 02       		.uleb128 0x8
 1048 00b1 06       		.uleb128 0x3a
 1049 00b2 00       		.uleb128 0xb
 1050 00b3 00       		.uleb128 0x3b
 1051 00b4 0D       		.uleb128 0xb
 1052 00b5 34       		.uleb128 0x49
 1053 00b6 00       		.uleb128 0x13
 1054 00b7 03       		.uleb128 0x2
 1055 00b8 08       		.uleb128 0xa
 1056 00b9 3A       		.byte	0x0
 1057 00ba 0B       		.byte	0x0
 1058 00bb 3B       		.uleb128 0xe
 1059 00bc 0B       		.uleb128 0x26
 1060 00bd 49       		.byte	0x0
 1061 00be 13       		.uleb128 0x49
 1062 00bf 02       		.uleb128 0x13
 1063 00c0 0A       		.byte	0x0
 1064 00c1 00       		.byte	0x0
 1065 00c2 00       		.uleb128 0xf
 1066 00c3 0E       		.uleb128 0x2e
 1067 00c4 26       		.byte	0x1
 1068 00c5 00       		.uleb128 0x3f
 1069 00c6 49       		.uleb128 0xc
 1070 00c7 13       		.uleb128 0x3
 1071 00c8 00       		.uleb128 0xe
 1072 00c9 00       		.uleb128 0x3a
 1073 00ca 0F       		.uleb128 0xb
 1074 00cb 2E       		.uleb128 0x3b
 1075 00cc 01       		.uleb128 0xb
 1076 00cd 3F       		.uleb128 0x2007
 1077 00ce 0C       		.uleb128 0xe
 1078 00cf 03       		.uleb128 0x49
 1079 00d0 0E       		.uleb128 0x13
 1080 00d1 3A       		.uleb128 0x11
 1081 00d2 0B       		.uleb128 0x1
 1082 00d3 3B       		.uleb128 0x12
 1083 00d4 0B       		.uleb128 0x1
 1084 00d5 8740     		.uleb128 0x40
 1085 00d7 0E       		.uleb128 0xa
 1086 00d8 49       		.uleb128 0x1
 1087 00d9 13       		.uleb128 0x13
 1088 00da 11       		.byte	0x0
 1089 00db 01       		.byte	0x0
 1090 00dc 12       		.uleb128 0x10
 1091 00dd 01       		.uleb128 0x2e
ARM GAS  C:\Users\Chris\AppData\Local\Temp/ccKCbaaa.s 			page 22


 1092 00de 40       		.byte	0x1
 1093 00df 0A       		.uleb128 0x3f
 1094 00e0 01       		.uleb128 0xc
 1095 00e1 13       		.uleb128 0x3
 1096 00e2 00       		.uleb128 0xe
 1097 00e3 00       		.uleb128 0x3a
 1098 00e4 10       		.uleb128 0xb
 1099 00e5 2E       		.uleb128 0x3b
 1100 00e6 01       		.uleb128 0xb
 1101 00e7 3F       		.uleb128 0x2007
 1102 00e8 0C       		.uleb128 0xe
 1103 00e9 03       		.uleb128 0x49
 1104 00ea 0E       		.uleb128 0x13
 1105 00eb 3A       		.uleb128 0x11
 1106 00ec 0B       		.uleb128 0x1
 1107 00ed 3B       		.uleb128 0x12
 1108 00ee 0B       		.uleb128 0x1
 1109 00ef 8740     		.uleb128 0x40
 1110 00f1 0E       		.uleb128 0x6
 1111 00f2 49       		.uleb128 0x1
 1112 00f3 13       		.uleb128 0x13
 1113 00f4 11       		.byte	0x0
 1114 00f5 01       		.byte	0x0
 1115 00f6 12       		.uleb128 0x11
 1116 00f7 01       		.uleb128 0x34
 1117 00f8 40       		.byte	0x0
 1118 00f9 06       		.uleb128 0x3
 1119 00fa 01       		.uleb128 0x8
 1120 00fb 13       		.uleb128 0x3a
 1121 00fc 00       		.uleb128 0xb
 1122 00fd 00       		.uleb128 0x3b
 1123 00fe 11       		.uleb128 0xb
 1124 00ff 34       		.uleb128 0x49
 1125 0100 00       		.uleb128 0x13
 1126 0101 03       		.byte	0x0
 1127 0102 08       		.byte	0x0
 1128 0103 3A       		.uleb128 0x12
 1129 0104 0B       		.uleb128 0xb
 1130 0105 3B       		.byte	0x1
 1131 0106 0B       		.uleb128 0x11
 1132 0107 49       		.uleb128 0x1
 1133 0108 13       		.uleb128 0x12
 1134 0109 00       		.uleb128 0x1
 1135 010a 00       		.byte	0x0
 1136 010b 12       		.byte	0x0
 1137 010c 0B       		.uleb128 0x13
 1138 010d 01       		.uleb128 0xb
 1139 010e 11       		.byte	0x1
 1140 010f 01       		.uleb128 0x55
 1141 0110 12       		.uleb128 0x6
 1142 0111 01       		.byte	0x0
 1143 0112 00       		.byte	0x0
 1144 0113 00       		.uleb128 0x14
 1145 0114 13       		.uleb128 0x34
 1146 0115 0B       		.byte	0x0
 1147 0116 01       		.uleb128 0x3
 1148 0117 55       		.uleb128 0x8
ARM GAS  C:\Users\Chris\AppData\Local\Temp/ccKCbaaa.s 			page 23


 1149 0118 06       		.uleb128 0x3a
 1150 0119 00       		.uleb128 0xb
 1151 011a 00       		.uleb128 0x3b
 1152 011b 14       		.uleb128 0xb
 1153 011c 34       		.uleb128 0x49
 1154 011d 00       		.uleb128 0x13
 1155 011e 03       		.uleb128 0x2
 1156 011f 08       		.uleb128 0x6
 1157 0120 3A       		.byte	0x0
 1158 0121 0B       		.byte	0x0
 1159 0122 3B       		.uleb128 0x15
 1160 0123 0B       		.uleb128 0x1
 1161 0124 49       		.byte	0x1
 1162 0125 13       		.uleb128 0x49
 1163 0126 02       		.uleb128 0x13
 1164 0127 06       		.uleb128 0x1
 1165 0128 00       		.uleb128 0x13
 1166 0129 00       		.byte	0x0
 1167 012a 15       		.byte	0x0
 1168 012b 01       		.uleb128 0x16
 1169 012c 01       		.uleb128 0x21
 1170 012d 49       		.byte	0x0
 1171 012e 13       		.uleb128 0x49
 1172 012f 01       		.uleb128 0x13
 1173 0130 13       		.uleb128 0x2f
 1174 0131 00       		.uleb128 0xb
 1175 0132 00       		.byte	0x0
 1176 0133 16       		.byte	0x0
 1177 0134 21       		.byte	0x0
 1178 0135 00       		.section	.debug_pubnames,"",%progbits
 1179 0136 49       		.4byte	0x98
 1180 0137 13       		.2byte	0x2
 1181 0138 2F       		.4byte	.Ldebug_info0
 1182 0139 0B       		.4byte	0x29d
 1183 013a 00       		.4byte	0x7d
 1184 013b 00       		.ascii	"SFBChecksumInit\000"
 1185 013c 00       		.4byte	0xaa
 1186              		.ascii	"SFBChecksumAddByte\000"
 1187 0000 98000000 		.4byte	0xf2
 1188 0004 0200     		.ascii	"SFBChecksumAddBytes\000"
 1189 0006 00000000 		.4byte	0x151
 1190 000a 9D020000 		.ascii	"SFBChecksumEqual\000"
 1191 000e 7D000000 		.4byte	0x197
 1192 0012 53464243 		.ascii	"SFBChecksumToString\000"
 1192      6865636B 
 1192      73756D49 
 1192      6E697400 
 1193 0022 AA000000 		.4byte	0x1ef
 1194 0026 53464243 		.ascii	"SFBChecksumFromString\000"
 1194      6865636B 
 1194      73756D41 
 1194      64644279 
 1194      746500
 1195 0039 F2000000 		.4byte	0x0
 1196 003d 53464243 		.section	.debug_aranges,"",%progbits
 1196      6865636B 
 1196      73756D41 
ARM GAS  C:\Users\Chris\AppData\Local\Temp/ccKCbaaa.s 			page 24


 1196      64644279 
 1196      74657300 
 1197 0051 51010000 		.4byte	0x44
 1198 0055 53464243 		.2byte	0x2
 1198      6865636B 
 1198      73756D45 
 1198      7175616C 
 1198      00
 1199 0066 97010000 		.4byte	.Ldebug_info0
 1200 006a 53464243 		.byte	0x4
 1200      6865636B 
 1200      73756D54 
 1200      6F537472 
 1200      696E6700 
 1201 007e EF010000 		.byte	0x0
 1202 0082 53464243 		.2byte	0x0
 1202      6865636B 
 1202      73756D46 
 1202      726F6D53 
 1202      7472696E 
 1203 0098 00000000 		.2byte	0x0
 1204              		.4byte	.LFB2
 1205 0000 44000000 		.4byte	.LFE2-.LFB2
 1206 0004 0200     		.4byte	.LFB3
 1207 0006 00000000 		.4byte	.LFE3-.LFB3
 1208 000a 04       		.4byte	.LFB4
 1209 000b 00       		.4byte	.LFE4-.LFB4
 1210 000c 0000     		.4byte	.LFB5
 1211 000e 0000     		.4byte	.LFE5-.LFB5
 1212 0010 00000000 		.4byte	.LFB6
 1213 0014 1C000000 		.4byte	.LFE6-.LFB6
 1214 0018 00000000 		.4byte	.LFB7
 1215 001c 2C000000 		.4byte	.LFE7-.LFB7
 1216 0020 00000000 		.4byte	0x0
 1217 0024 38000000 		.4byte	0x0
 1218 0028 00000000 		.section	.debug_ranges,"",%progbits
 1219 002c 2C000000 	.Ldebug_ranges0:
 1220 0030 00000000 		.4byte	.LBB8
 1221 0034 6C000000 		.4byte	.LBE8
 1222 0038 00000000 		.4byte	.LBB9
 1223 003c 98000000 		.4byte	.LBE9
 1224 0040 00000000 		.4byte	0x0
 1225 0044 00000000 		.4byte	0x0
 1226              		.4byte	.Ltext0
 1227              		.4byte	.Letext0
 1228 0000 24000000 		.4byte	.LFB2
 1229 0004 68000000 		.4byte	.LFE2
 1230 0008 70000000 		.4byte	.LFB3
 1231 000c 78000000 		.4byte	.LFE3
 1232 0010 00000000 		.4byte	.LFB4
 1233 0014 00000000 		.4byte	.LFE4
 1234 0018 00000000 		.4byte	.LFB5
 1235 001c 00000000 		.4byte	.LFE5
 1236 0020 00000000 		.4byte	.LFB6
 1237 0024 1C000000 		.4byte	.LFE6
 1238 0028 00000000 		.4byte	.LFB7
 1239 002c 2C000000 		.4byte	.LFE7
ARM GAS  C:\Users\Chris\AppData\Local\Temp/ccKCbaaa.s 			page 25


 1240 0030 00000000 		.4byte	0x0
 1241 0034 38000000 		.4byte	0x0
 1242 0038 00000000 		.section	.debug_str,"MS",%progbits,1
 1243 003c 2C000000 	.LASF10:
 1244 0040 00000000 		.ascii	"SFBChecksumAddByte\000"
 1245 0044 6C000000 	.LASF20:
 1246 0048 00000000 		.ascii	"_Z16SFBChecksumEqualPKmS0_\000"
 1247 004c 98000000 	.LASF23:
 1248 0050 00000000 		.ascii	"SFBChecksumFromString\000"
 1249 0054 00000000 	.LASF26:
 1250              		.ascii	"GNU C++ 4.3.2\000"
 1251              	.LASF19:
 1252 0000 53464243 		.ascii	"SFBChecksumToString\000"
 1252      6865636B 
 1252      73756D41 
 1252      64644279 
 1252      746500
 1253              	.LASF13:
 1254 0013 5F5A3136 		.ascii	"data\000"
 1254      53464243 
 1254      6865636B 
 1254      73756D45 
 1254      7175616C 
 1255              	.LASF1:
 1256 002e 53464243 		.ascii	"unsigned char\000"
 1256      6865636B 
 1256      73756D46 
 1256      726F6D53 
 1256      7472696E 
 1257              	.LASF21:
 1258 0044 474E5520 		.ascii	"_Z19SFBChecksumToStringPm\000"
 1258      432B2B20 
 1258      342E332E 
 1258      3200
 1259              	.LASF5:
 1260 0052 53464243 		.ascii	"long unsigned int\000"
 1260      6865636B 
 1260      73756D54 
 1260      6F537472 
 1260      696E6700 
 1261              	.LASF3:
 1262 0066 64617461 		.ascii	"short unsigned int\000"
 1262      00
 1263              	.LASF29:
 1264 006b 756E7369 		.ascii	"uint32_t\000"
 1264      676E6564 
 1264      20636861 
 1264      7200
 1265              	.LASF9:
 1266 0079 5F5A3139 		.ascii	"SFBChecksumInit\000"
 1266      53464243 
 1266      6865636B 
 1266      73756D54 
 1266      6F537472 
 1267              	.LASF15:
 1268 0093 6C6F6E67 		.ascii	"SFBChecksumAddBytes\000"
 1268      20756E73 
ARM GAS  C:\Users\Chris\AppData\Local\Temp/ccKCbaaa.s 			page 26


 1268      69676E65 
 1268      6420696E 
 1268      7400
 1269              	.LASF16:
 1270 00a5 73686F72 		.ascii	"_Z19SFBChecksumAddBytesPmPKci\000"
 1270      7420756E 
 1270      7369676E 
 1270      65642069 
 1270      6E7400
 1271              	.LASF25:
 1272 00b8 75696E74 		.ascii	"hexString\000"
 1272      33325F74 
 1272      00
 1273              	.LASF8:
 1274 00c1 53464243 		.ascii	"unsigned int\000"
 1274      6865636B 
 1274      73756D49 
 1274      6E697400 
 1275              	.LASF27:
 1276 00d1 53464243 		.ascii	"SFBChecksum.cpp\000"
 1276      6865636B 
 1276      73756D41 
 1276      64644279 
 1276      74657300 
 1277              	.LASF7:
 1278 00e5 5F5A3139 		.ascii	"long long unsigned int\000"
 1278      53464243 
 1278      6865636B 
 1278      73756D41 
 1278      64644279 
 1279              	.LASF18:
 1280 0103 68657853 		.ascii	"SFBChecksumEqual\000"
 1280      7472696E 
 1280      6700
 1281              	.LASF24:
 1282 010d 756E7369 		.ascii	"_Z21SFBChecksumFromStringPmPKc\000"
 1282      676E6564 
 1282      20696E74 
 1282      00
 1283              	.LASF6:
 1284 011a 53464243 		.ascii	"long long int\000"
 1284      6865636B 
 1284      73756D2E 
 1284      63707000 
 1285              	.LASF14:
 1286 012a 6C6F6E67 		.ascii	"char\000"
 1286      206C6F6E 
 1286      6720756E 
 1286      7369676E 
 1286      65642069 
 1287              	.LASF12:
 1288 0141 53464243 		.ascii	"_Z18SFBChecksumAddBytePmc\000"
 1288      6865636B 
 1288      73756D45 
 1288      7175616C 
 1288      00
 1289              	.LASF11:
ARM GAS  C:\Users\Chris\AppData\Local\Temp/ccKCbaaa.s 			page 27


 1290 0152 5F5A3231 		.ascii	"_Z15SFBChecksumInitPm\000"
 1290      53464243 
 1290      6865636B 
 1290      73756D46 
 1290      726F6D53 
 1291              	.LASF2:
 1292 0171 6C6F6E67 		.ascii	"short int\000"
 1292      206C6F6E 
 1292      6720696E 
 1292      7400
 1293              	.LASF22:
 1294 017f 63686172 		.ascii	"shift_in\000"
 1294      00
 1295              	.LASF28:
 1296 0184 5F5A3138 		.ascii	"E:\\ARM\\GNU_Blinky\000"
 1296      53464243 
 1296      6865636B 
 1296      73756D41 
 1296      64644279 
 1297              	.LASF4:
 1298 019e 5F5A3135 		.ascii	"long int\000"
 1298      53464243 
 1298      6865636B 
 1298      73756D49 
 1298      6E697450 
 1299              	.LASF0:
 1300 01b4 73686F72 		.ascii	"signed char\000"
 1300      7420696E 
 1300      7400
 1301              	.LASF17:
 1302 01be 73686966 		.ascii	"length\000"
 1302      745F696E 
 1302      00
 1303              		.ident	"GCC: (Sourcery G++ Lite 2008q3-39) 4.3.2"
 1304 01c7 453A5C41 	...
 1304      524D5C47 
 1304      4E555F42 
 1304      6C696E6B 
 1304      7900
ARM GAS  C:\Users\Chris\AppData\Local\Temp/ccKCbaaa.s 			page 28


DEFINED SYMBOLS
                            *ABS*:00000000 SFBChecksum.cpp
C:\Users\Chris\AppData\Local\Temp/ccKCbaaa.s:24     .text._Z15SFBChecksumInitPm:00000000 _Z15SFBChecksumInitPm
C:\Users\Chris\AppData\Local\Temp/ccKCbaaa.s:34     .text._Z15SFBChecksumInitPm:00000000 $a
C:\Users\Chris\AppData\Local\Temp/ccKCbaaa.s:44     .text._Z15SFBChecksumInitPm:00000014 $d
C:\Users\Chris\AppData\Local\Temp/ccKCbaaa.s:52     .text._Z18SFBChecksumAddBytePmc:00000000 _Z18SFBChecksumAddBytePmc
C:\Users\Chris\AppData\Local\Temp/ccKCbaaa.s:62     .text._Z18SFBChecksumAddBytePmc:00000000 $a
C:\Users\Chris\AppData\Local\Temp/ccKCbaaa.s:87     .text._Z19SFBChecksumAddBytesPmPKci:00000000 _Z19SFBChecksumAddBytesPmPKci
C:\Users\Chris\AppData\Local\Temp/ccKCbaaa.s:94     .text._Z19SFBChecksumAddBytesPmPKci:00000000 $a
C:\Users\Chris\AppData\Local\Temp/ccKCbaaa.s:128    .text._Z16SFBChecksumEqualPKmS0_:00000000 _Z16SFBChecksumEqualPKmS0_
C:\Users\Chris\AppData\Local\Temp/ccKCbaaa.s:137    .text._Z16SFBChecksumEqualPKmS0_:00000000 $a
C:\Users\Chris\AppData\Local\Temp/ccKCbaaa.s:158    .text._Z19SFBChecksumToStringPm:00000000 _Z19SFBChecksumToStringPm
C:\Users\Chris\AppData\Local\Temp/ccKCbaaa.s:166    .text._Z19SFBChecksumToStringPm:00000000 $a
C:\Users\Chris\AppData\Local\Temp/ccKCbaaa.s:212    .text._Z19SFBChecksumToStringPm:00000064 $d
C:\Users\Chris\AppData\Local\Temp/ccKCbaaa.s:220    .text._Z21SFBChecksumFromStringPmPKc:00000000 _Z21SFBChecksumFromStringPmPKc
C:\Users\Chris\AppData\Local\Temp/ccKCbaaa.s:228    .text._Z21SFBChecksumFromStringPmPKc:00000000 $a
C:\Users\Chris\AppData\Local\Temp/ccKCbaaa.s:313    .bss._ZL3buf:00000000 _ZL3buf
C:\Users\Chris\AppData\Local\Temp/ccKCbaaa.s:317    .debug_frame:00000000 $d
C:\Users\Chris\AppData\Local\Temp/ccKCbaaa.s:419    .debug_loc:00000000 $d

NO UNDEFINED SYMBOLS
