ARM GAS  /cygdrive/c/Users/Chris/AppData/Local/Temp/cck4qcX8.s 			page 1


   1              		.cpu arm7tdmi
   2              		.fpu softvfp
   3              		.eabi_attribute 20, 1
   4              		.eabi_attribute 21, 1
   5              		.eabi_attribute 23, 3
   6              		.eabi_attribute 24, 1
   7              		.eabi_attribute 25, 1
   8              		.eabi_attribute 26, 1
   9              		.eabi_attribute 30, 4
  10              		.eabi_attribute 18, 4
  11              		.file	"wiring.cpp"
  12              		.section	.debug_abbrev,"",%progbits
  13              	.Ldebug_abbrev0:
  14              		.section	.debug_info,"",%progbits
  15              	.Ldebug_info0:
  16              		.section	.debug_line,"",%progbits
  17              	.Ldebug_line0:
  18 0000 EB000000 		.text
  18      0200AE00 
  18      00000201 
  18      FB0E0D00 
  18      01010101 
  19              	.Ltext0:
  20              		.section	.text._Z12digitalWritehh,"ax",%progbits
  21              		.align	2
  22              		.global	_Z12digitalWritehh
  23              		.type	_Z12digitalWritehh, %function
  24              	_Z12digitalWritehh:
  25              	.LFB3:
  26              		.file 1 "wiring.cpp"
   1:wiring.cpp    **** #include <LPC23xx.H>
   2:wiring.cpp    **** #include <stdint.h>
   3:wiring.cpp    **** #include "wiring.h"
   4:wiring.cpp    **** #include "wiring_pins.h"
   5:wiring.cpp    **** #include "fio.h"
   6:wiring.cpp    **** 
   7:wiring.cpp    **** void pinMode(uint8_t pin, uint8_t mode) {
   8:wiring.cpp    **** 
   9:wiring.cpp    ****    GPIOInit( PinTable[pin].PortNum, FAST_PORT, mode, (1 << PinTable[pin].PortPin) );
  10:wiring.cpp    **** 
  11:wiring.cpp    **** }
  12:wiring.cpp    **** 
  13:wiring.cpp    **** void digitalWrite(uint8_t pin, uint8_t val) {
  27              		.loc 1 13 0
  28              		@ Function supports interworking.
  29              		@ args = 0, pretend = 0, frame = 0
  30              		@ frame_needed = 0, uses_anonymous_args = 0
  31              		@ link register save eliminated.
  32              	.LVL0:
  33              	.LBB2:
  14:wiring.cpp    **** 
  15:wiring.cpp    **** uint32_t mask;
  16:wiring.cpp    **** 
  17:wiring.cpp    **** mask = (1 << PinTable[pin].PortPin);
  34              		.loc 1 17 0
  35 0000 50309FE5 		ldr	r3, .L6
  36 0004 000183E0 		add	r0, r3, r0, asl #2
ARM GAS  /cygdrive/c/Users/Chris/AppData/Local/Temp/cck4qcX8.s 			page 2


  37              	.LVL1:
  38 0008 0220D0E5 		ldrb	r2, [r0, #2]	@ zero_extendqisi2
  18:wiring.cpp    **** 
  19:wiring.cpp    **** 		if ( val )
  39              		.loc 1 19 0
  40 000c 000051E3 		cmp	r1, #0
  41              		.loc 1 17 0
  42 0010 0130A0E3 		mov	r3, #1
  43 0014 1312A0E1 		mov	r1, r3, asl r2
  44              	.LVL2:
  45              		.loc 1 19 0
  46 0018 0600000A 		beq	.L2
  20:wiring.cpp    **** 		{
  21:wiring.cpp    **** 			(*(volatile unsigned long *)(HS_PORT_PIN_BASE
  22:wiring.cpp    **** 				+ PinTable[pin].PortNum * HS_PORT_PIN_INDEX)) |= mask;
  47              		.loc 1 22 0
  48 001c 0130D0E5 		ldrb	r3, [r0, #1]	@ zero_extendqisi2
  49 0020 8332A0E1 		mov	r3, r3, asl #5
  50 0024 FF3D43E2 		sub	r3, r3, #16320
  51 0028 B33143E2 		sub	r3, r3, #-1073741780
  52 002c 002093E5 		ldr	r2, [r3, #0]
  53 0030 012082E1 		orr	r2, r2, r1
  54 0034 050000EA 		b	.L5
  55              	.L2:
  23:wiring.cpp    **** 		}
  24:wiring.cpp    **** 		else
  25:wiring.cpp    **** 		{
  26:wiring.cpp    **** 			(*(volatile unsigned long *)(HS_PORT_PIN_BASE
  27:wiring.cpp    **** 				+ PinTable[pin].PortNum * HS_PORT_PIN_INDEX)) &= ~mask;
  56              		.loc 1 27 0
  57 0038 0130D0E5 		ldrb	r3, [r0, #1]	@ zero_extendqisi2
  58 003c 8332A0E1 		mov	r3, r3, asl #5
  59 0040 FF3D43E2 		sub	r3, r3, #16320
  60 0044 B33143E2 		sub	r3, r3, #-1073741780
  61 0048 002093E5 		ldr	r2, [r3, #0]
  62 004c 0120C2E1 		bic	r2, r2, r1
  63              	.L5:
  64 0050 002083E5 		str	r2, [r3, #0]
  65 0054 1EFF2FE1 		bx	lr
  66              	.L7:
  67              		.align	2
  68              	.L6:
  69 0058 00000000 		.word	PinTable
  70              	.LBE2:
  71              	.LFE3:
  72              		.size	_Z12digitalWritehh, .-_Z12digitalWritehh
  73              		.section	.text._Z11digitalReadh,"ax",%progbits
  74              		.align	2
  75              		.global	_Z11digitalReadh
  76              		.type	_Z11digitalReadh, %function
  77              	_Z11digitalReadh:
  78              	.LFB4:
  28:wiring.cpp    **** 		}
  29:wiring.cpp    **** } 
  30:wiring.cpp    **** 
  31:wiring.cpp    **** int digitalRead(uint8_t pin) {
  79              		.loc 1 31 0
ARM GAS  /cygdrive/c/Users/Chris/AppData/Local/Temp/cck4qcX8.s 			page 3


  80              		@ Function supports interworking.
  81              		@ args = 0, pretend = 0, frame = 0
  82              		@ frame_needed = 0, uses_anonymous_args = 0
  83              		@ link register save eliminated.
  84              	.LVL3:
  85              	.LBB3:
  32:wiring.cpp    **** 
  33:wiring.cpp    **** int val;
  34:wiring.cpp    **** 
  35:wiring.cpp    ****    val = (*(volatile unsigned long *)(HS_PORT_PIN_BASE
  36:wiring.cpp    ****          + PinTable[pin].PortNum * HS_PORT_PIN_INDEX) >> PinTable[pin].PortPin) & 1;
  86              		.loc 1 36 0
  87 0000 1C309FE5 		ldr	r3, .L10
  88 0004 003183E0 		add	r3, r3, r0, asl #2
  89 0008 0110D3E5 		ldrb	r1, [r3, #1]	@ zero_extendqisi2
  90 000c 14209FE5 		ldr	r2, .L10+4
  91 0010 0230D3E5 		ldrb	r3, [r3, #2]	@ zero_extendqisi2
  92 0014 810292E7 		ldr	r0, [r2, r1, asl #5]
  93              	.LVL4:
  94 0018 3003A0E1 		mov	r0, r0, lsr r3
  95              	.LBE3:
  37:wiring.cpp    **** 
  38:wiring.cpp    **** return val;
  39:wiring.cpp    **** }
  96              		.loc 1 39 0
  97 001c 010000E2 		and	r0, r0, #1
  98 0020 1EFF2FE1 		bx	lr
  99              	.L11:
 100              		.align	2
 101              	.L10:
 102 0024 00000000 		.word	PinTable
 103 0028 14C0FF3F 		.word	1073725460
 104              	.LFE4:
 105              		.size	_Z11digitalReadh, .-_Z11digitalReadh
 106              		.section	.text._Z7pinModehh,"ax",%progbits
 107              		.align	2
 108              		.global	_Z7pinModehh
 109              		.type	_Z7pinModehh, %function
 110              	_Z7pinModehh:
 111              	.LFB2:
 112              		.loc 1 7 0
 113              		@ Function supports interworking.
 114              		@ args = 0, pretend = 0, frame = 0
 115              		@ frame_needed = 0, uses_anonymous_args = 0
 116              	.LVL5:
 117 0000 10402DE9 		stmfd	sp!, {r4, lr}
 118              	.LCFI0:
 119              		.loc 1 9 0
 120 0004 20C09FE5 		ldr	ip, .L14
 121 0008 00C18CE0 		add	ip, ip, r0, asl #2
 122 000c 0230DCE5 		ldrb	r3, [ip, #2]	@ zero_extendqisi2
 123              		.loc 1 7 0
 124 0010 0120A0E1 		mov	r2, r1
 125              		.loc 1 9 0
 126 0014 0110A0E3 		mov	r1, #1
 127              	.LVL6:
 128 0018 0100DCE5 		ldrb	r0, [ip, #1]	@ zero_extendqisi2
ARM GAS  /cygdrive/c/Users/Chris/AppData/Local/Temp/cck4qcX8.s 			page 4


 129              	.LVL7:
 130 001c 1133A0E1 		mov	r3, r1, asl r3
 131 0020 FEFFFFEB 		bl	GPIOInit
 132              	.LVL8:
 133              		.loc 1 11 0
 134 0024 1040BDE8 		ldmfd	sp!, {r4, lr}
 135 0028 1EFF2FE1 		bx	lr
 136              	.L15:
 137              		.align	2
 138              	.L14:
 139 002c 00000000 		.word	PinTable
 140              	.LFE2:
 141              		.size	_Z7pinModehh, .-_Z7pinModehh
 142              		.section	.debug_frame,"",%progbits
 143              	.Lframe0:
 144 0000 0C000000 		.4byte	.LECIE0-.LSCIE0
 145              	.LSCIE0:
 146 0004 FFFFFFFF 		.4byte	0xffffffff
 147 0008 01       		.byte	0x1
 148 0009 00       		.ascii	"\000"
 149 000a 01       		.uleb128 0x1
 150 000b 7C       		.sleb128 -4
 151 000c 0E       		.byte	0xe
 152 000d 0C       		.byte	0xc
 153 000e 0D       		.uleb128 0xd
 154 000f 00       		.uleb128 0x0
 155              		.align	2
 156              	.LECIE0:
 157              	.LSFDE0:
 158 0010 0C000000 		.4byte	.LEFDE0-.LASFDE0
 159              	.LASFDE0:
 160 0014 00000000 		.4byte	.Lframe0
 161 0018 00000000 		.4byte	.LFB3
 162 001c 5C000000 		.4byte	.LFE3-.LFB3
 163              		.align	2
 164              	.LEFDE0:
 165              	.LSFDE2:
 166 0020 0C000000 		.4byte	.LEFDE2-.LASFDE2
 167              	.LASFDE2:
 168 0024 00000000 		.4byte	.Lframe0
 169 0028 00000000 		.4byte	.LFB4
 170 002c 2C000000 		.4byte	.LFE4-.LFB4
 171              		.align	2
 172              	.LEFDE2:
 173              	.LSFDE4:
 174 0030 14000000 		.4byte	.LEFDE4-.LASFDE4
 175              	.LASFDE4:
 176 0034 00000000 		.4byte	.Lframe0
 177 0038 00000000 		.4byte	.LFB2
 178 003c 30000000 		.4byte	.LFE2-.LFB2
 179 0040 44       		.byte	0x4
 180              		.4byte	.LCFI0-.LFB2
 181 0041 0E       		.byte	0xe
 182 0042 08       		.uleb128 0x8
 183 0043 8E       		.byte	0x8e
 184 0044 01       		.uleb128 0x1
 185 0045 84       		.byte	0x84
ARM GAS  /cygdrive/c/Users/Chris/AppData/Local/Temp/cck4qcX8.s 			page 5


 186 0046 02       		.uleb128 0x2
 187 0047 00       		.align	2
 188              	.LEFDE4:
 189              		.text
 190              	.Letext0:
 191              		.section	.debug_loc,"",%progbits
 192              	.Ldebug_loc0:
 193              	.LLST1:
 194 0000 00000000 		.4byte	.LVL0
 195 0004 08000000 		.4byte	.LVL1
 196 0008 0100     		.2byte	0x1
 197 000a 50       		.byte	0x50
 198 000b 00000000 		.4byte	0x0
 199 000f 00000000 		.4byte	0x0
 200              	.LLST2:
 201 0013 00000000 		.4byte	.LVL0
 202 0017 18000000 		.4byte	.LVL2
 203 001b 0100     		.2byte	0x1
 204 001d 51       		.byte	0x51
 205 001e 00000000 		.4byte	0x0
 206 0022 00000000 		.4byte	0x0
 207              	.LLST4:
 208 0026 00000000 		.4byte	.LVL3
 209 002a 18000000 		.4byte	.LVL4
 210 002e 0100     		.2byte	0x1
 211 0030 50       		.byte	0x50
 212 0031 00000000 		.4byte	0x0
 213 0035 00000000 		.4byte	0x0
 214              	.LLST5:
 215 0039 00000000 		.4byte	.LFB2
 216 003d 04000000 		.4byte	.LCFI0
 217 0041 0100     		.2byte	0x1
 218 0043 5D       		.byte	0x5d
 219 0044 04000000 		.4byte	.LCFI0
 220 0048 30000000 		.4byte	.LFE2
 221 004c 0200     		.2byte	0x2
 222 004e 7D       		.byte	0x7d
 223 004f 08       		.sleb128 8
 224 0050 00000000 		.4byte	0x0
 225 0054 00000000 		.4byte	0x0
 226              	.LLST6:
 227 0058 00000000 		.4byte	.LVL5
 228 005c 1C000000 		.4byte	.LVL7
 229 0060 0100     		.2byte	0x1
 230 0062 50       		.byte	0x50
 231 0063 00000000 		.4byte	0x0
 232 0067 00000000 		.4byte	0x0
 233              	.LLST7:
 234 006b 00000000 		.4byte	.LVL5
 235 006f 18000000 		.4byte	.LVL6
 236 0073 0100     		.2byte	0x1
 237 0075 51       		.byte	0x51
 238 0076 18000000 		.4byte	.LVL6
 239 007a 24000000 		.4byte	.LVL8
 240 007e 0100     		.2byte	0x1
 241 0080 52       		.byte	0x52
 242 0081 00000000 		.4byte	0x0
ARM GAS  /cygdrive/c/Users/Chris/AppData/Local/Temp/cck4qcX8.s 			page 6


 243 0085 00000000 		.4byte	0x0
 244              		.file 2 "/cygdrive/f/ARM2008q3-66-GPL/build/install/Bin/../lib/gcc/arm-none-eabi/4.3.2/../../../..
 245              		.file 3 "wiring_pins.h"
 246              		.section	.debug_info
 247 0000 E9010000 		.4byte	0x1e9
 248 0004 0200     		.2byte	0x2
 249 0006 00000000 		.4byte	.Ldebug_abbrev0
 250 000a 04       		.byte	0x4
 251 000b 01       		.uleb128 0x1
 252 000c 26000000 		.4byte	.LASF25
 253 0010 04       		.byte	0x4
 254 0011 1B000000 		.4byte	.LASF26
 255 0015 C1000000 		.4byte	.LASF27
 256 0019 00000000 		.4byte	0x0
 257 001d 00000000 		.4byte	0x0
 258 0021 00000000 		.4byte	.Ldebug_ranges0+0x0
 259 0025 00000000 		.4byte	.Ldebug_line0
 260 0029 02       		.uleb128 0x2
 261 002a 01       		.byte	0x1
 262 002b 06       		.byte	0x6
 263 002c 7C010000 		.4byte	.LASF0
 264 0030 03       		.uleb128 0x3
 265 0031 16010000 		.4byte	.LASF5
 266 0035 02       		.byte	0x2
 267 0036 2E       		.byte	0x2e
 268 0037 3B000000 		.4byte	0x3b
 269 003b 02       		.uleb128 0x2
 270 003c 01       		.byte	0x1
 271 003d 08       		.byte	0x8
 272 003e 3D000000 		.4byte	.LASF1
 273 0042 02       		.uleb128 0x2
 274 0043 02       		.byte	0x2
 275 0044 05       		.byte	0x5
 276 0045 4F010000 		.4byte	.LASF2
 277 0049 02       		.uleb128 0x2
 278 004a 02       		.byte	0x2
 279 004b 07       		.byte	0x7
 280 004c 5D000000 		.4byte	.LASF3
 281 0050 02       		.uleb128 0x2
 282 0051 04       		.byte	0x4
 283 0052 05       		.byte	0x5
 284 0053 62010000 		.4byte	.LASF4
 285 0057 03       		.uleb128 0x3
 286 0058 59010000 		.4byte	.LASF6
 287 005c 02       		.byte	0x2
 288 005d 54       		.byte	0x54
 289 005e 62000000 		.4byte	0x62
 290 0062 02       		.uleb128 0x2
 291 0063 04       		.byte	0x4
 292 0064 07       		.byte	0x7
 293 0065 4B000000 		.4byte	.LASF7
 294 0069 02       		.uleb128 0x2
 295 006a 08       		.byte	0x8
 296 006b 05       		.byte	0x5
 297 006c 23010000 		.4byte	.LASF8
 298 0070 02       		.uleb128 0x2
 299 0071 08       		.byte	0x8
ARM GAS  /cygdrive/c/Users/Chris/AppData/Local/Temp/cck4qcX8.s 			page 7


 300 0072 07       		.byte	0x7
 301 0073 FF000000 		.4byte	.LASF9
 302 0077 04       		.uleb128 0x4
 303 0078 04       		.byte	0x4
 304 0079 05       		.byte	0x5
 305 007a 696E7400 		.ascii	"int\000"
 306 007e 02       		.uleb128 0x2
 307 007f 04       		.byte	0x4
 308 0080 07       		.byte	0x7
 309 0081 F2000000 		.4byte	.LASF10
 310 0085 05       		.uleb128 0x5
 311 0086 6B010000 		.4byte	.LASF15
 312 008a 01       		.byte	0x1
 313 008b 03       		.byte	0x3
 314 008c 06       		.byte	0x6
 315 008d AA000000 		.4byte	0xaa
 316 0091 06       		.uleb128 0x6
 317 0092 BB000000 		.4byte	.LASF11
 318 0096 00       		.sleb128 0
 319 0097 06       		.uleb128 0x6
 320 0098 70000000 		.4byte	.LASF12
 321 009c 01       		.sleb128 1
 322 009d 06       		.uleb128 0x6
 323 009e 00000000 		.4byte	.LASF13
 324 00a2 02       		.sleb128 2
 325 00a3 06       		.uleb128 0x6
 326 00a4 9C010000 		.4byte	.LASF14
 327 00a8 03       		.sleb128 3
 328 00a9 00       		.byte	0x0
 329 00aa 05       		.uleb128 0x5
 330 00ab 6B010000 		.4byte	.LASF15
 331 00af 01       		.byte	0x1
 332 00b0 03       		.byte	0x3
 333 00b1 0D       		.byte	0xd
 334 00b2 D5000000 		.4byte	0xd5
 335 00b6 07       		.uleb128 0x7
 336 00b7 65503000 		.ascii	"eP0\000"
 337 00bb 00       		.sleb128 0
 338 00bc 07       		.uleb128 0x7
 339 00bd 65503100 		.ascii	"eP1\000"
 340 00c1 01       		.sleb128 1
 341 00c2 07       		.uleb128 0x7
 342 00c3 65503200 		.ascii	"eP2\000"
 343 00c7 02       		.sleb128 2
 344 00c8 07       		.uleb128 0x7
 345 00c9 65503300 		.ascii	"eP3\000"
 346 00cd 03       		.sleb128 3
 347 00ce 07       		.uleb128 0x7
 348 00cf 65503400 		.ascii	"eP4\000"
 349 00d3 04       		.sleb128 4
 350 00d4 00       		.byte	0x0
 351 00d5 08       		.uleb128 0x8
 352 00d6 A8000000 		.4byte	.LASF28
 353 00da 04       		.byte	0x4
 354 00db 03       		.byte	0x3
 355 00dc 15       		.byte	0x15
 356 00dd 1A010000 		.4byte	0x11a
ARM GAS  /cygdrive/c/Users/Chris/AppData/Local/Temp/cck4qcX8.s 			page 8


 357 00e1 09       		.uleb128 0x9
 358 00e2 08000000 		.4byte	.LASF16
 359 00e6 03       		.byte	0x3
 360 00e7 16       		.byte	0x16
 361 00e8 30000000 		.4byte	0x30
 362 00ec 02       		.byte	0x2
 363 00ed 23       		.byte	0x23
 364 00ee 00       		.uleb128 0x0
 365 00ef 09       		.uleb128 0x9
 366 00f0 79000000 		.4byte	.LASF17
 367 00f4 03       		.byte	0x3
 368 00f5 17       		.byte	0x17
 369 00f6 AA000000 		.4byte	0xaa
 370 00fa 02       		.byte	0x2
 371 00fb 23       		.byte	0x23
 372 00fc 01       		.uleb128 0x1
 373 00fd 09       		.uleb128 0x9
 374 00fe 47010000 		.4byte	.LASF18
 375 0102 03       		.byte	0x3
 376 0103 18       		.byte	0x18
 377 0104 30000000 		.4byte	0x30
 378 0108 02       		.byte	0x2
 379 0109 23       		.byte	0x23
 380 010a 02       		.uleb128 0x2
 381 010b 09       		.uleb128 0x9
 382 010c 88010000 		.4byte	.LASF19
 383 0110 03       		.byte	0x3
 384 0111 19       		.byte	0x19
 385 0112 85000000 		.4byte	0x85
 386 0116 02       		.byte	0x2
 387 0117 23       		.byte	0x23
 388 0118 03       		.uleb128 0x3
 389 0119 00       		.byte	0x0
 390 011a 0A       		.uleb128 0xa
 391 011b 01       		.byte	0x1
 392 011c 0E000000 		.4byte	.LASF20
 393 0120 01       		.byte	0x1
 394 0121 0D       		.byte	0xd
 395 0122 81000000 		.4byte	.LASF22
 396 0126 00000000 		.4byte	.LFB3
 397 012a 5C000000 		.4byte	.LFE3
 398 012e 01       		.byte	0x1
 399 012f 5D       		.byte	0x5d
 400 0130 60010000 		.4byte	0x160
 401 0134 0B       		.uleb128 0xb
 402 0135 70696E00 		.ascii	"pin\000"
 403 0139 01       		.byte	0x1
 404 013a 0D       		.byte	0xd
 405 013b 30000000 		.4byte	0x30
 406 013f 00000000 		.4byte	.LLST1
 407 0143 0B       		.uleb128 0xb
 408 0144 76616C00 		.ascii	"val\000"
 409 0148 01       		.byte	0x1
 410 0149 0D       		.byte	0xd
 411 014a 30000000 		.4byte	0x30
 412 014e 13000000 		.4byte	.LLST2
 413 0152 0C       		.uleb128 0xc
ARM GAS  /cygdrive/c/Users/Chris/AppData/Local/Temp/cck4qcX8.s 			page 9


 414 0153 42010000 		.4byte	.LASF29
 415 0157 01       		.byte	0x1
 416 0158 0F       		.byte	0xf
 417 0159 57000000 		.4byte	0x57
 418 015d 01       		.byte	0x1
 419 015e 51       		.byte	0x51
 420 015f 00       		.byte	0x0
 421 0160 0D       		.uleb128 0xd
 422 0161 01       		.byte	0x1
 423 0162 9C000000 		.4byte	.LASF30
 424 0166 01       		.byte	0x1
 425 0167 1F       		.byte	0x1f
 426 0168 31010000 		.4byte	.LASF31
 427 016c 77000000 		.4byte	0x77
 428 0170 00000000 		.4byte	.LFB4
 429 0174 2C000000 		.4byte	.LFE4
 430 0178 01       		.byte	0x1
 431 0179 5D       		.byte	0x5d
 432 017a 99010000 		.4byte	0x199
 433 017e 0B       		.uleb128 0xb
 434 017f 70696E00 		.ascii	"pin\000"
 435 0183 01       		.byte	0x1
 436 0184 1F       		.byte	0x1f
 437 0185 30000000 		.4byte	0x30
 438 0189 26000000 		.4byte	.LLST4
 439 018d 0E       		.uleb128 0xe
 440 018e 76616C00 		.ascii	"val\000"
 441 0192 01       		.byte	0x1
 442 0193 21       		.byte	0x21
 443 0194 77000000 		.4byte	0x77
 444 0198 00       		.byte	0x0
 445 0199 0F       		.uleb128 0xf
 446 019a 01       		.byte	0x1
 447 019b 94000000 		.4byte	.LASF21
 448 019f 01       		.byte	0x1
 449 01a0 07       		.byte	0x7
 450 01a1 8F010000 		.4byte	.LASF23
 451 01a5 00000000 		.4byte	.LFB2
 452 01a9 30000000 		.4byte	.LFE2
 453 01ad 39000000 		.4byte	.LLST5
 454 01b1 D4010000 		.4byte	0x1d4
 455 01b5 0B       		.uleb128 0xb
 456 01b6 70696E00 		.ascii	"pin\000"
 457 01ba 01       		.byte	0x1
 458 01bb 07       		.byte	0x7
 459 01bc 30000000 		.4byte	0x30
 460 01c0 58000000 		.4byte	.LLST6
 461 01c4 10       		.uleb128 0x10
 462 01c5 1E010000 		.4byte	.LASF24
 463 01c9 01       		.byte	0x1
 464 01ca 07       		.byte	0x7
 465 01cb 30000000 		.4byte	0x30
 466 01cf 6B000000 		.4byte	.LLST7
 467 01d3 00       		.byte	0x0
 468 01d4 11       		.uleb128 0x11
 469 01d5 D5000000 		.4byte	0xd5
 470 01d9 DF010000 		.4byte	0x1df
ARM GAS  /cygdrive/c/Users/Chris/AppData/Local/Temp/cck4qcX8.s 			page 10


 471 01dd 12       		.uleb128 0x12
 472 01de 00       		.byte	0x0
 473 01df 13       		.uleb128 0x13
 474 01e0 34000000 		.4byte	.LASF32
 475 01e4 03       		.byte	0x3
 476 01e5 1C       		.byte	0x1c
 477 01e6 D4010000 		.4byte	0x1d4
 478 01ea 01       		.byte	0x1
 479 01eb 01       		.byte	0x1
 480 01ec 00       		.byte	0x0
 481              		.section	.debug_abbrev
 482 0000 01       		.uleb128 0x1
 483 0001 11       		.uleb128 0x11
 484 0002 01       		.byte	0x1
 485 0003 25       		.uleb128 0x25
 486 0004 0E       		.uleb128 0xe
 487 0005 13       		.uleb128 0x13
 488 0006 0B       		.uleb128 0xb
 489 0007 03       		.uleb128 0x3
 490 0008 0E       		.uleb128 0xe
 491 0009 1B       		.uleb128 0x1b
 492 000a 0E       		.uleb128 0xe
 493 000b 11       		.uleb128 0x11
 494 000c 01       		.uleb128 0x1
 495 000d 52       		.uleb128 0x52
 496 000e 01       		.uleb128 0x1
 497 000f 55       		.uleb128 0x55
 498 0010 06       		.uleb128 0x6
 499 0011 10       		.uleb128 0x10
 500 0012 06       		.uleb128 0x6
 501 0013 00       		.byte	0x0
 502 0014 00       		.byte	0x0
 503 0015 02       		.uleb128 0x2
 504 0016 24       		.uleb128 0x24
 505 0017 00       		.byte	0x0
 506 0018 0B       		.uleb128 0xb
 507 0019 0B       		.uleb128 0xb
 508 001a 3E       		.uleb128 0x3e
 509 001b 0B       		.uleb128 0xb
 510 001c 03       		.uleb128 0x3
 511 001d 0E       		.uleb128 0xe
 512 001e 00       		.byte	0x0
 513 001f 00       		.byte	0x0
 514 0020 03       		.uleb128 0x3
 515 0021 16       		.uleb128 0x16
 516 0022 00       		.byte	0x0
 517 0023 03       		.uleb128 0x3
 518 0024 0E       		.uleb128 0xe
 519 0025 3A       		.uleb128 0x3a
 520 0026 0B       		.uleb128 0xb
 521 0027 3B       		.uleb128 0x3b
 522 0028 0B       		.uleb128 0xb
 523 0029 49       		.uleb128 0x49
 524 002a 13       		.uleb128 0x13
 525 002b 00       		.byte	0x0
 526 002c 00       		.byte	0x0
 527 002d 04       		.uleb128 0x4
ARM GAS  /cygdrive/c/Users/Chris/AppData/Local/Temp/cck4qcX8.s 			page 11


 528 002e 24       		.uleb128 0x24
 529 002f 00       		.byte	0x0
 530 0030 0B       		.uleb128 0xb
 531 0031 0B       		.uleb128 0xb
 532 0032 3E       		.uleb128 0x3e
 533 0033 0B       		.uleb128 0xb
 534 0034 03       		.uleb128 0x3
 535 0035 08       		.uleb128 0x8
 536 0036 00       		.byte	0x0
 537 0037 00       		.byte	0x0
 538 0038 05       		.uleb128 0x5
 539 0039 04       		.uleb128 0x4
 540 003a 01       		.byte	0x1
 541 003b 03       		.uleb128 0x3
 542 003c 0E       		.uleb128 0xe
 543 003d 0B       		.uleb128 0xb
 544 003e 0B       		.uleb128 0xb
 545 003f 3A       		.uleb128 0x3a
 546 0040 0B       		.uleb128 0xb
 547 0041 3B       		.uleb128 0x3b
 548 0042 0B       		.uleb128 0xb
 549 0043 01       		.uleb128 0x1
 550 0044 13       		.uleb128 0x13
 551 0045 00       		.byte	0x0
 552 0046 00       		.byte	0x0
 553 0047 06       		.uleb128 0x6
 554 0048 28       		.uleb128 0x28
 555 0049 00       		.byte	0x0
 556 004a 03       		.uleb128 0x3
 557 004b 0E       		.uleb128 0xe
 558 004c 1C       		.uleb128 0x1c
 559 004d 0D       		.uleb128 0xd
 560 004e 00       		.byte	0x0
 561 004f 00       		.byte	0x0
 562 0050 07       		.uleb128 0x7
 563 0051 28       		.uleb128 0x28
 564 0052 00       		.byte	0x0
 565 0053 03       		.uleb128 0x3
 566 0054 08       		.uleb128 0x8
 567 0055 1C       		.uleb128 0x1c
 568 0056 0D       		.uleb128 0xd
 569 0057 00       		.byte	0x0
 570 0058 00       		.byte	0x0
 571 0059 08       		.uleb128 0x8
 572 005a 13       		.uleb128 0x13
 573 005b 01       		.byte	0x1
 574 005c 03       		.uleb128 0x3
 575 005d 0E       		.uleb128 0xe
 576 005e 0B       		.uleb128 0xb
 577 005f 0B       		.uleb128 0xb
 578 0060 3A       		.uleb128 0x3a
 579 0061 0B       		.uleb128 0xb
 580 0062 3B       		.uleb128 0x3b
 581 0063 0B       		.uleb128 0xb
 582 0064 01       		.uleb128 0x1
 583 0065 13       		.uleb128 0x13
 584 0066 00       		.byte	0x0
ARM GAS  /cygdrive/c/Users/Chris/AppData/Local/Temp/cck4qcX8.s 			page 12


 585 0067 00       		.byte	0x0
 586 0068 09       		.uleb128 0x9
 587 0069 0D       		.uleb128 0xd
 588 006a 00       		.byte	0x0
 589 006b 03       		.uleb128 0x3
 590 006c 0E       		.uleb128 0xe
 591 006d 3A       		.uleb128 0x3a
 592 006e 0B       		.uleb128 0xb
 593 006f 3B       		.uleb128 0x3b
 594 0070 0B       		.uleb128 0xb
 595 0071 49       		.uleb128 0x49
 596 0072 13       		.uleb128 0x13
 597 0073 38       		.uleb128 0x38
 598 0074 0A       		.uleb128 0xa
 599 0075 00       		.byte	0x0
 600 0076 00       		.byte	0x0
 601 0077 0A       		.uleb128 0xa
 602 0078 2E       		.uleb128 0x2e
 603 0079 01       		.byte	0x1
 604 007a 3F       		.uleb128 0x3f
 605 007b 0C       		.uleb128 0xc
 606 007c 03       		.uleb128 0x3
 607 007d 0E       		.uleb128 0xe
 608 007e 3A       		.uleb128 0x3a
 609 007f 0B       		.uleb128 0xb
 610 0080 3B       		.uleb128 0x3b
 611 0081 0B       		.uleb128 0xb
 612 0082 8740     		.uleb128 0x2007
 613 0084 0E       		.uleb128 0xe
 614 0085 11       		.uleb128 0x11
 615 0086 01       		.uleb128 0x1
 616 0087 12       		.uleb128 0x12
 617 0088 01       		.uleb128 0x1
 618 0089 40       		.uleb128 0x40
 619 008a 0A       		.uleb128 0xa
 620 008b 01       		.uleb128 0x1
 621 008c 13       		.uleb128 0x13
 622 008d 00       		.byte	0x0
 623 008e 00       		.byte	0x0
 624 008f 0B       		.uleb128 0xb
 625 0090 05       		.uleb128 0x5
 626 0091 00       		.byte	0x0
 627 0092 03       		.uleb128 0x3
 628 0093 08       		.uleb128 0x8
 629 0094 3A       		.uleb128 0x3a
 630 0095 0B       		.uleb128 0xb
 631 0096 3B       		.uleb128 0x3b
 632 0097 0B       		.uleb128 0xb
 633 0098 49       		.uleb128 0x49
 634 0099 13       		.uleb128 0x13
 635 009a 02       		.uleb128 0x2
 636 009b 06       		.uleb128 0x6
 637 009c 00       		.byte	0x0
 638 009d 00       		.byte	0x0
 639 009e 0C       		.uleb128 0xc
 640 009f 34       		.uleb128 0x34
 641 00a0 00       		.byte	0x0
ARM GAS  /cygdrive/c/Users/Chris/AppData/Local/Temp/cck4qcX8.s 			page 13


 642 00a1 03       		.uleb128 0x3
 643 00a2 0E       		.uleb128 0xe
 644 00a3 3A       		.uleb128 0x3a
 645 00a4 0B       		.uleb128 0xb
 646 00a5 3B       		.uleb128 0x3b
 647 00a6 0B       		.uleb128 0xb
 648 00a7 49       		.uleb128 0x49
 649 00a8 13       		.uleb128 0x13
 650 00a9 02       		.uleb128 0x2
 651 00aa 0A       		.uleb128 0xa
 652 00ab 00       		.byte	0x0
 653 00ac 00       		.byte	0x0
 654 00ad 0D       		.uleb128 0xd
 655 00ae 2E       		.uleb128 0x2e
 656 00af 01       		.byte	0x1
 657 00b0 3F       		.uleb128 0x3f
 658 00b1 0C       		.uleb128 0xc
 659 00b2 03       		.uleb128 0x3
 660 00b3 0E       		.uleb128 0xe
 661 00b4 3A       		.uleb128 0x3a
 662 00b5 0B       		.uleb128 0xb
 663 00b6 3B       		.uleb128 0x3b
 664 00b7 0B       		.uleb128 0xb
 665 00b8 8740     		.uleb128 0x2007
 666 00ba 0E       		.uleb128 0xe
 667 00bb 49       		.uleb128 0x49
 668 00bc 13       		.uleb128 0x13
 669 00bd 11       		.uleb128 0x11
 670 00be 01       		.uleb128 0x1
 671 00bf 12       		.uleb128 0x12
 672 00c0 01       		.uleb128 0x1
 673 00c1 40       		.uleb128 0x40
 674 00c2 0A       		.uleb128 0xa
 675 00c3 01       		.uleb128 0x1
 676 00c4 13       		.uleb128 0x13
 677 00c5 00       		.byte	0x0
 678 00c6 00       		.byte	0x0
 679 00c7 0E       		.uleb128 0xe
 680 00c8 34       		.uleb128 0x34
 681 00c9 00       		.byte	0x0
 682 00ca 03       		.uleb128 0x3
 683 00cb 08       		.uleb128 0x8
 684 00cc 3A       		.uleb128 0x3a
 685 00cd 0B       		.uleb128 0xb
 686 00ce 3B       		.uleb128 0x3b
 687 00cf 0B       		.uleb128 0xb
 688 00d0 49       		.uleb128 0x49
 689 00d1 13       		.uleb128 0x13
 690 00d2 00       		.byte	0x0
 691 00d3 00       		.byte	0x0
 692 00d4 0F       		.uleb128 0xf
 693 00d5 2E       		.uleb128 0x2e
 694 00d6 01       		.byte	0x1
 695 00d7 3F       		.uleb128 0x3f
 696 00d8 0C       		.uleb128 0xc
 697 00d9 03       		.uleb128 0x3
 698 00da 0E       		.uleb128 0xe
ARM GAS  /cygdrive/c/Users/Chris/AppData/Local/Temp/cck4qcX8.s 			page 14


 699 00db 3A       		.uleb128 0x3a
 700 00dc 0B       		.uleb128 0xb
 701 00dd 3B       		.uleb128 0x3b
 702 00de 0B       		.uleb128 0xb
 703 00df 8740     		.uleb128 0x2007
 704 00e1 0E       		.uleb128 0xe
 705 00e2 11       		.uleb128 0x11
 706 00e3 01       		.uleb128 0x1
 707 00e4 12       		.uleb128 0x12
 708 00e5 01       		.uleb128 0x1
 709 00e6 40       		.uleb128 0x40
 710 00e7 06       		.uleb128 0x6
 711 00e8 01       		.uleb128 0x1
 712 00e9 13       		.uleb128 0x13
 713 00ea 00       		.byte	0x0
 714 00eb 00       		.byte	0x0
 715 00ec 10       		.uleb128 0x10
 716 00ed 05       		.uleb128 0x5
 717 00ee 00       		.byte	0x0
 718 00ef 03       		.uleb128 0x3
 719 00f0 0E       		.uleb128 0xe
 720 00f1 3A       		.uleb128 0x3a
 721 00f2 0B       		.uleb128 0xb
 722 00f3 3B       		.uleb128 0x3b
 723 00f4 0B       		.uleb128 0xb
 724 00f5 49       		.uleb128 0x49
 725 00f6 13       		.uleb128 0x13
 726 00f7 02       		.uleb128 0x2
 727 00f8 06       		.uleb128 0x6
 728 00f9 00       		.byte	0x0
 729 00fa 00       		.byte	0x0
 730 00fb 11       		.uleb128 0x11
 731 00fc 01       		.uleb128 0x1
 732 00fd 01       		.byte	0x1
 733 00fe 49       		.uleb128 0x49
 734 00ff 13       		.uleb128 0x13
 735 0100 01       		.uleb128 0x1
 736 0101 13       		.uleb128 0x13
 737 0102 00       		.byte	0x0
 738 0103 00       		.byte	0x0
 739 0104 12       		.uleb128 0x12
 740 0105 21       		.uleb128 0x21
 741 0106 00       		.byte	0x0
 742 0107 00       		.byte	0x0
 743 0108 00       		.byte	0x0
 744 0109 13       		.uleb128 0x13
 745 010a 34       		.uleb128 0x34
 746 010b 00       		.byte	0x0
 747 010c 03       		.uleb128 0x3
 748 010d 0E       		.uleb128 0xe
 749 010e 3A       		.uleb128 0x3a
 750 010f 0B       		.uleb128 0xb
 751 0110 3B       		.uleb128 0x3b
 752 0111 0B       		.uleb128 0xb
 753 0112 49       		.uleb128 0x49
 754 0113 13       		.uleb128 0x13
 755 0114 3F       		.uleb128 0x3f
ARM GAS  /cygdrive/c/Users/Chris/AppData/Local/Temp/cck4qcX8.s 			page 15


 756 0115 0C       		.uleb128 0xc
 757 0116 3C       		.uleb128 0x3c
 758 0117 0C       		.uleb128 0xc
 759 0118 00       		.byte	0x0
 760 0119 00       		.byte	0x0
 761 011a 00       		.byte	0x0
 762              		.section	.debug_pubnames,"",%progbits
 763 0000 3B000000 		.4byte	0x3b
 764 0004 0200     		.2byte	0x2
 765 0006 00000000 		.4byte	.Ldebug_info0
 766 000a ED010000 		.4byte	0x1ed
 767 000e 1A010000 		.4byte	0x11a
 768 0012 64696769 		.ascii	"digitalWrite\000"
 768      74616C57 
 768      72697465 
 768      00
 769 001f 60010000 		.4byte	0x160
 770 0023 64696769 		.ascii	"digitalRead\000"
 770      74616C52 
 770      65616400 
 771 002f 99010000 		.4byte	0x199
 772 0033 70696E4D 		.ascii	"pinMode\000"
 772      6F646500 
 773 003b 00000000 		.4byte	0x0
 774              		.section	.debug_aranges,"",%progbits
 775 0000 2C000000 		.4byte	0x2c
 776 0004 0200     		.2byte	0x2
 777 0006 00000000 		.4byte	.Ldebug_info0
 778 000a 04       		.byte	0x4
 779 000b 00       		.byte	0x0
 780 000c 0000     		.2byte	0x0
 781 000e 0000     		.2byte	0x0
 782 0010 00000000 		.4byte	.LFB3
 783 0014 5C000000 		.4byte	.LFE3-.LFB3
 784 0018 00000000 		.4byte	.LFB4
 785 001c 2C000000 		.4byte	.LFE4-.LFB4
 786 0020 00000000 		.4byte	.LFB2
 787 0024 30000000 		.4byte	.LFE2-.LFB2
 788 0028 00000000 		.4byte	0x0
 789 002c 00000000 		.4byte	0x0
 790              		.section	.debug_ranges,"",%progbits
 791              	.Ldebug_ranges0:
 792 0000 00000000 		.4byte	.Ltext0
 793 0004 00000000 		.4byte	.Letext0
 794 0008 00000000 		.4byte	.LFB3
 795 000c 5C000000 		.4byte	.LFE3
 796 0010 00000000 		.4byte	.LFB4
 797 0014 2C000000 		.4byte	.LFE4
 798 0018 00000000 		.4byte	.LFB2
 799 001c 30000000 		.4byte	.LFE2
 800 0020 00000000 		.4byte	0x0
 801 0024 00000000 		.4byte	0x0
 802              		.section	.debug_str,"MS",%progbits,1
 803              	.LASF13:
 804 0000 65414E41 		.ascii	"eANALOG\000"
 804      4C4F4700 
 805              	.LASF16:
ARM GAS  /cygdrive/c/Users/Chris/AppData/Local/Temp/cck4qcX8.s 			page 16


 806 0008 50696E49 		.ascii	"PinId\000"
 806      6400
 807              	.LASF20:
 808 000e 64696769 		.ascii	"digitalWrite\000"
 808      74616C57 
 808      72697465 
 808      00
 809              	.LASF26:
 810 001b 77697269 		.ascii	"wiring.cpp\000"
 810      6E672E63 
 810      707000
 811              	.LASF25:
 812 0026 474E5520 		.ascii	"GNU C++ 4.3.2\000"
 812      432B2B20 
 812      342E332E 
 812      3200
 813              	.LASF32:
 814 0034 50696E54 		.ascii	"PinTable\000"
 814      61626C65 
 814      00
 815              	.LASF1:
 816 003d 756E7369 		.ascii	"unsigned char\000"
 816      676E6564 
 816      20636861 
 816      7200
 817              	.LASF7:
 818 004b 6C6F6E67 		.ascii	"long unsigned int\000"
 818      20756E73 
 818      69676E65 
 818      6420696E 
 818      7400
 819              	.LASF3:
 820 005d 73686F72 		.ascii	"short unsigned int\000"
 820      7420756E 
 820      7369676E 
 820      65642069 
 820      6E7400
 821              	.LASF12:
 822 0070 65444947 		.ascii	"eDIGITAL\000"
 822      4954414C 
 822      00
 823              	.LASF17:
 824 0079 506F7274 		.ascii	"PortNum\000"
 824      4E756D00 
 825              	.LASF22:
 826 0081 5F5A3132 		.ascii	"_Z12digitalWritehh\000"
 826      64696769 
 826      74616C57 
 826      72697465 
 826      686800
 827              	.LASF21:
 828 0094 70696E4D 		.ascii	"pinMode\000"
 828      6F646500 
 829              	.LASF30:
 830 009c 64696769 		.ascii	"digitalRead\000"
 830      74616C52 
 830      65616400 
ARM GAS  /cygdrive/c/Users/Chris/AppData/Local/Temp/cck4qcX8.s 			page 17


 831              	.LASF28:
 832 00a8 3C616E6F 		.ascii	"<anonymous struct>\000"
 832      6E796D6F 
 832      75732073 
 832      74727563 
 832      743E00
 833              	.LASF11:
 834 00bb 65525854 		.ascii	"eRXTX\000"
 834      5800
 835              	.LASF27:
 836 00c1 2F637967 		.ascii	"/cygdrive/c/Users/Chris/Desktop/sfboot2.0/sfboot\000"
 836      64726976 
 836      652F632F 
 836      55736572 
 836      732F4368 
 837              	.LASF10:
 838 00f2 756E7369 		.ascii	"unsigned int\000"
 838      676E6564 
 838      20696E74 
 838      00
 839              	.LASF9:
 840 00ff 6C6F6E67 		.ascii	"long long unsigned int\000"
 840      206C6F6E 
 840      6720756E 
 840      7369676E 
 840      65642069 
 841              	.LASF5:
 842 0116 75696E74 		.ascii	"uint8_t\000"
 842      385F7400 
 843              	.LASF24:
 844 011e 6D6F6465 		.ascii	"mode\000"
 844      00
 845              	.LASF8:
 846 0123 6C6F6E67 		.ascii	"long long int\000"
 846      206C6F6E 
 846      6720696E 
 846      7400
 847              	.LASF31:
 848 0131 5F5A3131 		.ascii	"_Z11digitalReadh\000"
 848      64696769 
 848      74616C52 
 848      65616468 
 848      00
 849              	.LASF29:
 850 0142 6D61736B 		.ascii	"mask\000"
 850      00
 851              	.LASF18:
 852 0147 506F7274 		.ascii	"PortPin\000"
 852      50696E00 
 853              	.LASF2:
 854 014f 73686F72 		.ascii	"short int\000"
 854      7420696E 
 854      7400
 855              	.LASF6:
 856 0159 75696E74 		.ascii	"uint32_t\000"
 856      33325F74 
 856      00
ARM GAS  /cygdrive/c/Users/Chris/AppData/Local/Temp/cck4qcX8.s 			page 18


 857              	.LASF4:
 858 0162 6C6F6E67 		.ascii	"long int\000"
 858      20696E74 
 858      00
 859              	.LASF15:
 860 016b 3C616E6F 		.ascii	"<anonymous enum>\000"
 860      6E796D6F 
 860      75732065 
 860      6E756D3E 
 860      00
 861              	.LASF0:
 862 017c 7369676E 		.ascii	"signed char\000"
 862      65642063 
 862      68617200 
 863              	.LASF19:
 864 0188 50696E49 		.ascii	"PinIsA\000"
 864      734100
 865              	.LASF23:
 866 018f 5F5A3770 		.ascii	"_Z7pinModehh\000"
 866      696E4D6F 
 866      64656868 
 866      00
 867              	.LASF14:
 868 019c 654E756D 		.ascii	"eNumPinTypes\000"
 868      50696E54 
 868      79706573 
 868      00
 869              		.ident	"GCC: (AHAX Arm-Linux 2008q3-66) 4.3.2"
ARM GAS  /cygdrive/c/Users/Chris/AppData/Local/Temp/cck4qcX8.s 			page 19


DEFINED SYMBOLS
                            *ABS*:00000000 wiring.cpp
/cygdrive/c/Users/Chris/AppData/Local/Temp/cck4qcX8.s:24     .text._Z12digitalWritehh:00000000 _Z12digitalWritehh
/cygdrive/c/Users/Chris/AppData/Local/Temp/cck4qcX8.s:35     .text._Z12digitalWritehh:00000000 $a
/cygdrive/c/Users/Chris/AppData/Local/Temp/cck4qcX8.s:69     .text._Z12digitalWritehh:00000058 $d
/cygdrive/c/Users/Chris/AppData/Local/Temp/cck4qcX8.s:77     .text._Z11digitalReadh:00000000 _Z11digitalReadh
/cygdrive/c/Users/Chris/AppData/Local/Temp/cck4qcX8.s:87     .text._Z11digitalReadh:00000000 $a
/cygdrive/c/Users/Chris/AppData/Local/Temp/cck4qcX8.s:102    .text._Z11digitalReadh:00000024 $d
/cygdrive/c/Users/Chris/AppData/Local/Temp/cck4qcX8.s:110    .text._Z7pinModehh:00000000 _Z7pinModehh
/cygdrive/c/Users/Chris/AppData/Local/Temp/cck4qcX8.s:117    .text._Z7pinModehh:00000000 $a
/cygdrive/c/Users/Chris/AppData/Local/Temp/cck4qcX8.s:139    .text._Z7pinModehh:0000002c $d
/cygdrive/c/Users/Chris/AppData/Local/Temp/cck4qcX8.s:194    .debug_loc:00000000 $d

UNDEFINED SYMBOLS
PinTable
GPIOInit
