ARM GAS  /cygdrive/c/Users/Chris/AppData/Local/Temp/ccN4KpQt.s 			page 1


   1              		.cpu arm7tdmi
   2              		.fpu softvfp
   3              		.eabi_attribute 20, 1
   4              		.eabi_attribute 21, 1
   5              		.eabi_attribute 23, 3
   6              		.eabi_attribute 24, 1
   7              		.eabi_attribute 25, 1
   8              		.eabi_attribute 26, 1
   9              		.eabi_attribute 30, 4
  10              		.eabi_attribute 18, 4
  11              		.file	"wiring_pins.cpp"
  12              		.section	.debug_abbrev,"",%progbits
  13              	.Ldebug_abbrev0:
  14              		.section	.debug_info,"",%progbits
  15              	.Ldebug_info0:
  16              		.section	.debug_line,"",%progbits
  17              	.Ldebug_line0:
  18 0000 B9000000 		.text
  18      0200B300 
  18      00000201 
  18      FB0E0D00 
  18      01010101 
  19              	.Ltext0:
  20              		.global	PinTable
  21              		.section	.data.PinTable,"aw",%progbits
  22              		.type	PinTable, %object
  23              		.size	PinTable, 156
  24              	PinTable:
  25 0000 00       		.byte	0
  26 0001 00       		.byte	0
  27 0002 03       		.byte	3
  28 0003 00       		.byte	0
  29 0004 01       		.byte	1
  30 0005 00       		.byte	0
  31 0006 02       		.byte	2
  32 0007 00       		.byte	0
  33 0008 02       		.byte	2
  34 0009 01       		.byte	1
  35 000a 00       		.byte	0
  36 000b 01       		.byte	1
  37 000c 03       		.byte	3
  38 000d 01       		.byte	1
  39 000e 01       		.byte	1
  40 000f 01       		.byte	1
  41 0010 04       		.byte	4
  42 0011 04       		.byte	4
  43 0012 1D       		.byte	29
  44 0013 01       		.byte	1
  45 0014 05       		.byte	5
  46 0015 04       		.byte	4
  47 0016 1C       		.byte	28
  48 0017 01       		.byte	1
  49 0018 06       		.byte	6
  50 0019 01       		.byte	1
  51 001a 10       		.byte	16
  52 001b 01       		.byte	1
  53 001c 07       		.byte	7
ARM GAS  /cygdrive/c/Users/Chris/AppData/Local/Temp/ccN4KpQt.s 			page 2


  54 001d 01       		.byte	1
  55 001e 11       		.byte	17
  56 001f 01       		.byte	1
  57 0020 08       		.byte	8
  58 0021 00       		.byte	0
  59 0022 10       		.byte	16
  60 0023 00       		.byte	0
  61 0024 09       		.byte	9
  62 0025 00       		.byte	0
  63 0026 0F       		.byte	15
  64 0027 00       		.byte	0
  65 0028 0A       		.byte	10
  66 0029 00       		.byte	0
  67 002a 11       		.byte	17
  68 002b 01       		.byte	1
  69 002c 0B       		.byte	11
  70 002d 00       		.byte	0
  71 002e 12       		.byte	18
  72 002f 01       		.byte	1
  73 0030 0C       		.byte	12
  74 0031 00       		.byte	0
  75 0032 14       		.byte	20
  76 0033 01       		.byte	1
  77 0034 0D       		.byte	13
  78 0035 00       		.byte	0
  79 0036 13       		.byte	19
  80 0037 01       		.byte	1
  81 0038 0E       		.byte	14
  82 0039 01       		.byte	1
  83 003a 0E       		.byte	14
  84 003b 01       		.byte	1
  85 003c 0F       		.byte	15
  86 003d 01       		.byte	1
  87 003e 0F       		.byte	15
  88 003f 01       		.byte	1
  89 0040 10       		.byte	16
  90 0041 00       		.byte	0
  91 0042 0B       		.byte	11
  92 0043 00       		.byte	0
  93 0044 11       		.byte	17
  94 0045 00       		.byte	0
  95 0046 0A       		.byte	10
  96 0047 00       		.byte	0
  97 0048 12       		.byte	18
  98 0049 02       		.byte	2
  99 004a 0D       		.byte	13
 100 004b 01       		.byte	1
 101 004c 13       		.byte	19
 102 004d 01       		.byte	1
 103 004e 18       		.byte	24
 104 004f 01       		.byte	1
 105 0050 14       		.byte	20
 106 0051 01       		.byte	1
 107 0052 19       		.byte	25
 108 0053 01       		.byte	1
 109 0054 15       		.byte	21
 110 0055 01       		.byte	1
ARM GAS  /cygdrive/c/Users/Chris/AppData/Local/Temp/ccN4KpQt.s 			page 3


 111 0056 1A       		.byte	26
 112 0057 01       		.byte	1
 113 0058 16       		.byte	22
 114 0059 01       		.byte	1
 115 005a 09       		.byte	9
 116 005b 01       		.byte	1
 117 005c 17       		.byte	23
 118 005d 01       		.byte	1
 119 005e 0A       		.byte	10
 120 005f 01       		.byte	1
 121 0060 18       		.byte	24
 122 0061 00       		.byte	0
 123 0062 01       		.byte	1
 124 0063 00       		.byte	0
 125 0064 19       		.byte	25
 126 0065 00       		.byte	0
 127 0066 00       		.byte	0
 128 0067 00       		.byte	0
 129 0068 1A       		.byte	26
 130 0069 01       		.byte	1
 131 006a 14       		.byte	20
 132 006b 01       		.byte	1
 133 006c 1B       		.byte	27
 134 006d 01       		.byte	1
 135 006e 13       		.byte	19
 136 006f 01       		.byte	1
 137 0070 1C       		.byte	28
 138 0071 01       		.byte	1
 139 0072 17       		.byte	23
 140 0073 01       		.byte	1
 141 0074 1D       		.byte	29
 142 0075 01       		.byte	1
 143 0076 15       		.byte	21
 144 0077 01       		.byte	1
 145 0078 1E       		.byte	30
 146 0079 01       		.byte	1
 147 007a 04       		.byte	4
 148 007b 01       		.byte	1
 149 007c 1F       		.byte	31
 150 007d 01       		.byte	1
 151 007e 08       		.byte	8
 152 007f 01       		.byte	1
 153 0080 20       		.byte	32
 154 0081 02       		.byte	2
 155 0082 00       		.byte	0
 156 0083 01       		.byte	1
 157 0084 21       		.byte	33
 158 0085 02       		.byte	2
 159 0086 01       		.byte	1
 160 0087 01       		.byte	1
 161 0088 22       		.byte	34
 162 0089 02       		.byte	2
 163 008a 02       		.byte	2
 164 008b 01       		.byte	1
 165 008c 23       		.byte	35
 166 008d 02       		.byte	2
 167 008e 03       		.byte	3
ARM GAS  /cygdrive/c/Users/Chris/AppData/Local/Temp/ccN4KpQt.s 			page 4


 168 008f 01       		.byte	1
 169 0090 24       		.byte	36
 170 0091 02       		.byte	2
 171 0092 04       		.byte	4
 172 0093 01       		.byte	1
 173 0094 25       		.byte	37
 174 0095 02       		.byte	2
 175 0096 05       		.byte	5
 176 0097 01       		.byte	1
 177 0098 26       		.byte	38
 178 0099 02       		.byte	2
 179 009a 0C       		.byte	12
 180 009b 01       		.byte	1
 181              		.text
 182              	.Letext0:
 183              		.file 1 "wiring_pins.h"
 184              		.file 2 "/cygdrive/f/ARM2008q3-66-GPL/build/install/Bin/../lib/gcc/arm-none-eabi/4.3.2/../../../..
 185              		.file 3 "wiring_pins.cpp"
 186              		.section	.debug_info
 187 0000 2D010000 		.4byte	0x12d
 188 0004 0200     		.2byte	0x2
 189 0006 00000000 		.4byte	.Ldebug_abbrev0
 190 000a 04       		.byte	0x4
 191 000b 01       		.uleb128 0x1
 192 000c 0E000000 		.4byte	.LASF18
 193 0010 04       		.byte	0x4
 194 0011 DF000000 		.4byte	.LASF19
 195 0015 82000000 		.4byte	.LASF20
 196 0019 00000000 		.4byte	.Ltext0
 197 001d 00000000 		.4byte	.Letext0
 198 0021 00000000 		.4byte	.Ldebug_line0
 199 0025 02       		.uleb128 0x2
 200 0026 01       		.byte	0x1
 201 0027 06       		.byte	0x6
 202 0028 29010000 		.4byte	.LASF0
 203 002c 03       		.uleb128 0x3
 204 002d D7000000 		.4byte	.LASF21
 205 0031 02       		.byte	0x2
 206 0032 2E       		.byte	0x2e
 207 0033 37000000 		.4byte	0x37
 208 0037 02       		.uleb128 0x2
 209 0038 01       		.byte	0x1
 210 0039 08       		.byte	0x8
 211 003a 25000000 		.4byte	.LASF1
 212 003e 02       		.uleb128 0x2
 213 003f 02       		.byte	0x2
 214 0040 05       		.byte	0x5
 215 0041 05010000 		.4byte	.LASF2
 216 0045 02       		.uleb128 0x2
 217 0046 02       		.byte	0x2
 218 0047 07       		.byte	0x7
 219 0048 45000000 		.4byte	.LASF3
 220 004c 02       		.uleb128 0x2
 221 004d 04       		.byte	0x4
 222 004e 05       		.byte	0x5
 223 004f 0F010000 		.4byte	.LASF4
 224 0053 02       		.uleb128 0x2
ARM GAS  /cygdrive/c/Users/Chris/AppData/Local/Temp/ccN4KpQt.s 			page 5


 225 0054 04       		.byte	0x4
 226 0055 07       		.byte	0x7
 227 0056 33000000 		.4byte	.LASF5
 228 005a 02       		.uleb128 0x2
 229 005b 08       		.byte	0x8
 230 005c 05       		.byte	0x5
 231 005d EF000000 		.4byte	.LASF6
 232 0061 02       		.uleb128 0x2
 233 0062 08       		.byte	0x8
 234 0063 07       		.byte	0x7
 235 0064 C0000000 		.4byte	.LASF7
 236 0068 04       		.uleb128 0x4
 237 0069 04       		.byte	0x4
 238 006a 05       		.byte	0x5
 239 006b 696E7400 		.ascii	"int\000"
 240 006f 02       		.uleb128 0x2
 241 0070 04       		.byte	0x4
 242 0071 07       		.byte	0x7
 243 0072 B3000000 		.4byte	.LASF8
 244 0076 05       		.uleb128 0x5
 245 0077 18010000 		.4byte	.LASF13
 246 007b 01       		.byte	0x1
 247 007c 01       		.byte	0x1
 248 007d 06       		.byte	0x6
 249 007e 9B000000 		.4byte	0x9b
 250 0082 06       		.uleb128 0x6
 251 0083 7C000000 		.4byte	.LASF9
 252 0087 00       		.sleb128 0
 253 0088 06       		.uleb128 0x6
 254 0089 58000000 		.4byte	.LASF10
 255 008d 01       		.sleb128 1
 256 008e 06       		.uleb128 0x6
 257 008f 00000000 		.4byte	.LASF11
 258 0093 02       		.sleb128 2
 259 0094 06       		.uleb128 0x6
 260 0095 3C010000 		.4byte	.LASF12
 261 0099 03       		.sleb128 3
 262 009a 00       		.byte	0x0
 263 009b 05       		.uleb128 0x5
 264 009c 18010000 		.4byte	.LASF13
 265 00a0 01       		.byte	0x1
 266 00a1 01       		.byte	0x1
 267 00a2 0D       		.byte	0xd
 268 00a3 C6000000 		.4byte	0xc6
 269 00a7 07       		.uleb128 0x7
 270 00a8 65503000 		.ascii	"eP0\000"
 271 00ac 00       		.sleb128 0
 272 00ad 07       		.uleb128 0x7
 273 00ae 65503100 		.ascii	"eP1\000"
 274 00b2 01       		.sleb128 1
 275 00b3 07       		.uleb128 0x7
 276 00b4 65503200 		.ascii	"eP2\000"
 277 00b8 02       		.sleb128 2
 278 00b9 07       		.uleb128 0x7
 279 00ba 65503300 		.ascii	"eP3\000"
 280 00be 03       		.sleb128 3
 281 00bf 07       		.uleb128 0x7
ARM GAS  /cygdrive/c/Users/Chris/AppData/Local/Temp/ccN4KpQt.s 			page 6


 282 00c0 65503400 		.ascii	"eP4\000"
 283 00c4 04       		.sleb128 4
 284 00c5 00       		.byte	0x0
 285 00c6 08       		.uleb128 0x8
 286 00c7 69000000 		.4byte	.LASF22
 287 00cb 04       		.byte	0x4
 288 00cc 01       		.byte	0x1
 289 00cd 15       		.byte	0x15
 290 00ce 0B010000 		.4byte	0x10b
 291 00d2 09       		.uleb128 0x9
 292 00d3 08000000 		.4byte	.LASF14
 293 00d7 01       		.byte	0x1
 294 00d8 16       		.byte	0x16
 295 00d9 2C000000 		.4byte	0x2c
 296 00dd 02       		.byte	0x2
 297 00de 23       		.byte	0x23
 298 00df 00       		.uleb128 0x0
 299 00e0 09       		.uleb128 0x9
 300 00e1 61000000 		.4byte	.LASF15
 301 00e5 01       		.byte	0x1
 302 00e6 17       		.byte	0x17
 303 00e7 9B000000 		.4byte	0x9b
 304 00eb 02       		.byte	0x2
 305 00ec 23       		.byte	0x23
 306 00ed 01       		.uleb128 0x1
 307 00ee 09       		.uleb128 0x9
 308 00ef FD000000 		.4byte	.LASF16
 309 00f3 01       		.byte	0x1
 310 00f4 18       		.byte	0x18
 311 00f5 2C000000 		.4byte	0x2c
 312 00f9 02       		.byte	0x2
 313 00fa 23       		.byte	0x23
 314 00fb 02       		.uleb128 0x2
 315 00fc 09       		.uleb128 0x9
 316 00fd 35010000 		.4byte	.LASF17
 317 0101 01       		.byte	0x1
 318 0102 19       		.byte	0x19
 319 0103 76000000 		.4byte	0x76
 320 0107 02       		.byte	0x2
 321 0108 23       		.byte	0x23
 322 0109 03       		.uleb128 0x3
 323 010a 00       		.byte	0x0
 324 010b 0A       		.uleb128 0xa
 325 010c C6000000 		.4byte	0xc6
 326 0110 1B010000 		.4byte	0x11b
 327 0114 0B       		.uleb128 0xb
 328 0115 1B010000 		.4byte	0x11b
 329 0119 26       		.byte	0x26
 330 011a 00       		.byte	0x0
 331 011b 0C       		.uleb128 0xc
 332 011c 04       		.byte	0x4
 333 011d 07       		.byte	0x7
 334 011e 0D       		.uleb128 0xd
 335 011f 1C000000 		.4byte	.LASF23
 336 0123 03       		.byte	0x3
 337 0124 04       		.byte	0x4
 338 0125 0B010000 		.4byte	0x10b
ARM GAS  /cygdrive/c/Users/Chris/AppData/Local/Temp/ccN4KpQt.s 			page 7


 339 0129 01       		.byte	0x1
 340 012a 05       		.byte	0x5
 341 012b 03       		.byte	0x3
 342 012c 00000000 		.4byte	PinTable
 343 0130 00       		.byte	0x0
 344              		.section	.debug_abbrev
 345 0000 01       		.uleb128 0x1
 346 0001 11       		.uleb128 0x11
 347 0002 01       		.byte	0x1
 348 0003 25       		.uleb128 0x25
 349 0004 0E       		.uleb128 0xe
 350 0005 13       		.uleb128 0x13
 351 0006 0B       		.uleb128 0xb
 352 0007 03       		.uleb128 0x3
 353 0008 0E       		.uleb128 0xe
 354 0009 1B       		.uleb128 0x1b
 355 000a 0E       		.uleb128 0xe
 356 000b 11       		.uleb128 0x11
 357 000c 01       		.uleb128 0x1
 358 000d 12       		.uleb128 0x12
 359 000e 01       		.uleb128 0x1
 360 000f 10       		.uleb128 0x10
 361 0010 06       		.uleb128 0x6
 362 0011 00       		.byte	0x0
 363 0012 00       		.byte	0x0
 364 0013 02       		.uleb128 0x2
 365 0014 24       		.uleb128 0x24
 366 0015 00       		.byte	0x0
 367 0016 0B       		.uleb128 0xb
 368 0017 0B       		.uleb128 0xb
 369 0018 3E       		.uleb128 0x3e
 370 0019 0B       		.uleb128 0xb
 371 001a 03       		.uleb128 0x3
 372 001b 0E       		.uleb128 0xe
 373 001c 00       		.byte	0x0
 374 001d 00       		.byte	0x0
 375 001e 03       		.uleb128 0x3
 376 001f 16       		.uleb128 0x16
 377 0020 00       		.byte	0x0
 378 0021 03       		.uleb128 0x3
 379 0022 0E       		.uleb128 0xe
 380 0023 3A       		.uleb128 0x3a
 381 0024 0B       		.uleb128 0xb
 382 0025 3B       		.uleb128 0x3b
 383 0026 0B       		.uleb128 0xb
 384 0027 49       		.uleb128 0x49
 385 0028 13       		.uleb128 0x13
 386 0029 00       		.byte	0x0
 387 002a 00       		.byte	0x0
 388 002b 04       		.uleb128 0x4
 389 002c 24       		.uleb128 0x24
 390 002d 00       		.byte	0x0
 391 002e 0B       		.uleb128 0xb
 392 002f 0B       		.uleb128 0xb
 393 0030 3E       		.uleb128 0x3e
 394 0031 0B       		.uleb128 0xb
 395 0032 03       		.uleb128 0x3
ARM GAS  /cygdrive/c/Users/Chris/AppData/Local/Temp/ccN4KpQt.s 			page 8


 396 0033 08       		.uleb128 0x8
 397 0034 00       		.byte	0x0
 398 0035 00       		.byte	0x0
 399 0036 05       		.uleb128 0x5
 400 0037 04       		.uleb128 0x4
 401 0038 01       		.byte	0x1
 402 0039 03       		.uleb128 0x3
 403 003a 0E       		.uleb128 0xe
 404 003b 0B       		.uleb128 0xb
 405 003c 0B       		.uleb128 0xb
 406 003d 3A       		.uleb128 0x3a
 407 003e 0B       		.uleb128 0xb
 408 003f 3B       		.uleb128 0x3b
 409 0040 0B       		.uleb128 0xb
 410 0041 01       		.uleb128 0x1
 411 0042 13       		.uleb128 0x13
 412 0043 00       		.byte	0x0
 413 0044 00       		.byte	0x0
 414 0045 06       		.uleb128 0x6
 415 0046 28       		.uleb128 0x28
 416 0047 00       		.byte	0x0
 417 0048 03       		.uleb128 0x3
 418 0049 0E       		.uleb128 0xe
 419 004a 1C       		.uleb128 0x1c
 420 004b 0D       		.uleb128 0xd
 421 004c 00       		.byte	0x0
 422 004d 00       		.byte	0x0
 423 004e 07       		.uleb128 0x7
 424 004f 28       		.uleb128 0x28
 425 0050 00       		.byte	0x0
 426 0051 03       		.uleb128 0x3
 427 0052 08       		.uleb128 0x8
 428 0053 1C       		.uleb128 0x1c
 429 0054 0D       		.uleb128 0xd
 430 0055 00       		.byte	0x0
 431 0056 00       		.byte	0x0
 432 0057 08       		.uleb128 0x8
 433 0058 13       		.uleb128 0x13
 434 0059 01       		.byte	0x1
 435 005a 03       		.uleb128 0x3
 436 005b 0E       		.uleb128 0xe
 437 005c 0B       		.uleb128 0xb
 438 005d 0B       		.uleb128 0xb
 439 005e 3A       		.uleb128 0x3a
 440 005f 0B       		.uleb128 0xb
 441 0060 3B       		.uleb128 0x3b
 442 0061 0B       		.uleb128 0xb
 443 0062 01       		.uleb128 0x1
 444 0063 13       		.uleb128 0x13
 445 0064 00       		.byte	0x0
 446 0065 00       		.byte	0x0
 447 0066 09       		.uleb128 0x9
 448 0067 0D       		.uleb128 0xd
 449 0068 00       		.byte	0x0
 450 0069 03       		.uleb128 0x3
 451 006a 0E       		.uleb128 0xe
 452 006b 3A       		.uleb128 0x3a
ARM GAS  /cygdrive/c/Users/Chris/AppData/Local/Temp/ccN4KpQt.s 			page 9


 453 006c 0B       		.uleb128 0xb
 454 006d 3B       		.uleb128 0x3b
 455 006e 0B       		.uleb128 0xb
 456 006f 49       		.uleb128 0x49
 457 0070 13       		.uleb128 0x13
 458 0071 38       		.uleb128 0x38
 459 0072 0A       		.uleb128 0xa
 460 0073 00       		.byte	0x0
 461 0074 00       		.byte	0x0
 462 0075 0A       		.uleb128 0xa
 463 0076 01       		.uleb128 0x1
 464 0077 01       		.byte	0x1
 465 0078 49       		.uleb128 0x49
 466 0079 13       		.uleb128 0x13
 467 007a 01       		.uleb128 0x1
 468 007b 13       		.uleb128 0x13
 469 007c 00       		.byte	0x0
 470 007d 00       		.byte	0x0
 471 007e 0B       		.uleb128 0xb
 472 007f 21       		.uleb128 0x21
 473 0080 00       		.byte	0x0
 474 0081 49       		.uleb128 0x49
 475 0082 13       		.uleb128 0x13
 476 0083 2F       		.uleb128 0x2f
 477 0084 0B       		.uleb128 0xb
 478 0085 00       		.byte	0x0
 479 0086 00       		.byte	0x0
 480 0087 0C       		.uleb128 0xc
 481 0088 24       		.uleb128 0x24
 482 0089 00       		.byte	0x0
 483 008a 0B       		.uleb128 0xb
 484 008b 0B       		.uleb128 0xb
 485 008c 3E       		.uleb128 0x3e
 486 008d 0B       		.uleb128 0xb
 487 008e 00       		.byte	0x0
 488 008f 00       		.byte	0x0
 489 0090 0D       		.uleb128 0xd
 490 0091 34       		.uleb128 0x34
 491 0092 00       		.byte	0x0
 492 0093 03       		.uleb128 0x3
 493 0094 0E       		.uleb128 0xe
 494 0095 3A       		.uleb128 0x3a
 495 0096 0B       		.uleb128 0xb
 496 0097 3B       		.uleb128 0x3b
 497 0098 0B       		.uleb128 0xb
 498 0099 49       		.uleb128 0x49
 499 009a 13       		.uleb128 0x13
 500 009b 3F       		.uleb128 0x3f
 501 009c 0C       		.uleb128 0xc
 502 009d 02       		.uleb128 0x2
 503 009e 0A       		.uleb128 0xa
 504 009f 00       		.byte	0x0
 505 00a0 00       		.byte	0x0
 506 00a1 00       		.byte	0x0
 507              		.section	.debug_pubnames,"",%progbits
 508 0000 1B000000 		.4byte	0x1b
 509 0004 0200     		.2byte	0x2
ARM GAS  /cygdrive/c/Users/Chris/AppData/Local/Temp/ccN4KpQt.s 			page 10


 510 0006 00000000 		.4byte	.Ldebug_info0
 511 000a 31010000 		.4byte	0x131
 512 000e 1E010000 		.4byte	0x11e
 513 0012 50696E54 		.ascii	"PinTable\000"
 513      61626C65 
 513      00
 514 001b 00000000 		.4byte	0x0
 515              		.section	.debug_str,"MS",%progbits,1
 516              	.LASF11:
 517 0000 65414E41 		.ascii	"eANALOG\000"
 517      4C4F4700 
 518              	.LASF14:
 519 0008 50696E49 		.ascii	"PinId\000"
 519      6400
 520              	.LASF18:
 521 000e 474E5520 		.ascii	"GNU C++ 4.3.2\000"
 521      432B2B20 
 521      342E332E 
 521      3200
 522              	.LASF23:
 523 001c 50696E54 		.ascii	"PinTable\000"
 523      61626C65 
 523      00
 524              	.LASF1:
 525 0025 756E7369 		.ascii	"unsigned char\000"
 525      676E6564 
 525      20636861 
 525      7200
 526              	.LASF5:
 527 0033 6C6F6E67 		.ascii	"long unsigned int\000"
 527      20756E73 
 527      69676E65 
 527      6420696E 
 527      7400
 528              	.LASF3:
 529 0045 73686F72 		.ascii	"short unsigned int\000"
 529      7420756E 
 529      7369676E 
 529      65642069 
 529      6E7400
 530              	.LASF10:
 531 0058 65444947 		.ascii	"eDIGITAL\000"
 531      4954414C 
 531      00
 532              	.LASF15:
 533 0061 506F7274 		.ascii	"PortNum\000"
 533      4E756D00 
 534              	.LASF22:
 535 0069 3C616E6F 		.ascii	"<anonymous struct>\000"
 535      6E796D6F 
 535      75732073 
 535      74727563 
 535      743E00
 536              	.LASF9:
 537 007c 65525854 		.ascii	"eRXTX\000"
 537      5800
 538              	.LASF20:
ARM GAS  /cygdrive/c/Users/Chris/AppData/Local/Temp/ccN4KpQt.s 			page 11


 539 0082 2F637967 		.ascii	"/cygdrive/c/Users/Chris/Desktop/sfboot2.0/sfboot\000"
 539      64726976 
 539      652F632F 
 539      55736572 
 539      732F4368 
 540              	.LASF8:
 541 00b3 756E7369 		.ascii	"unsigned int\000"
 541      676E6564 
 541      20696E74 
 541      00
 542              	.LASF7:
 543 00c0 6C6F6E67 		.ascii	"long long unsigned int\000"
 543      206C6F6E 
 543      6720756E 
 543      7369676E 
 543      65642069 
 544              	.LASF21:
 545 00d7 75696E74 		.ascii	"uint8_t\000"
 545      385F7400 
 546              	.LASF19:
 547 00df 77697269 		.ascii	"wiring_pins.cpp\000"
 547      6E675F70 
 547      696E732E 
 547      63707000 
 548              	.LASF6:
 549 00ef 6C6F6E67 		.ascii	"long long int\000"
 549      206C6F6E 
 549      6720696E 
 549      7400
 550              	.LASF16:
 551 00fd 506F7274 		.ascii	"PortPin\000"
 551      50696E00 
 552              	.LASF2:
 553 0105 73686F72 		.ascii	"short int\000"
 553      7420696E 
 553      7400
 554              	.LASF4:
 555 010f 6C6F6E67 		.ascii	"long int\000"
 555      20696E74 
 555      00
 556              	.LASF13:
 557 0118 3C616E6F 		.ascii	"<anonymous enum>\000"
 557      6E796D6F 
 557      75732065 
 557      6E756D3E 
 557      00
 558              	.LASF0:
 559 0129 7369676E 		.ascii	"signed char\000"
 559      65642063 
 559      68617200 
 560              	.LASF17:
 561 0135 50696E49 		.ascii	"PinIsA\000"
 561      734100
 562              	.LASF12:
 563 013c 654E756D 		.ascii	"eNumPinTypes\000"
 563      50696E54 
 563      79706573 
ARM GAS  /cygdrive/c/Users/Chris/AppData/Local/Temp/ccN4KpQt.s 			page 12


 563      00
 564              		.ident	"GCC: (AHAX Arm-Linux 2008q3-66) 4.3.2"
ARM GAS  /cygdrive/c/Users/Chris/AppData/Local/Temp/ccN4KpQt.s 			page 13


DEFINED SYMBOLS
                            *ABS*:00000000 wiring_pins.cpp
/cygdrive/c/Users/Chris/AppData/Local/Temp/ccN4KpQt.s:24     .data.PinTable:00000000 PinTable
/cygdrive/c/Users/Chris/AppData/Local/Temp/ccN4KpQt.s:25     .data.PinTable:00000000 $d
/cygdrive/c/Users/Chris/AppData/Local/Temp/ccN4KpQt.s:187    .debug_info:00000000 $d

NO UNDEFINED SYMBOLS
